Filename                                            Regions    Missed Regions     Cover   Functions  Missed Functions  Executed       Lines      Missed Lines     Cover    Branches   Missed Branches     Cover
---------------------------------------------------------------------------------------------------------------------------------------------------------------------------------------------------------------
crates/orpheus-dsp/src/command.rs                       421                 0   100.00%          69                 0   100.00%         352                 0   100.00%           0                 0         -
crates/orpheus-dsp/src/effects/delay.rs                 191                 6    96.86%          12                 0   100.00%         107                 0   100.00%           0                 0         -
crates/orpheus-dsp/src/effects/mod.rs                    50                11    78.00%           4                 1    75.00%          30                 6    80.00%           0                 0         -
crates/orpheus-dsp/src/effects/reverb.rs                285                 0   100.00%          28                 0   100.00%         199                 0   100.00%           0                 0         -
crates/orpheus-dsp/src/engine.rs                        950                73    92.32%          87                17    80.46%         651                53    91.86%           0                 0         -
crates/orpheus-dsp/src/graph/adapters.rs                181                49    72.93%          35                11    68.57%         150                40    73.33%           0                 0         -
crates/orpheus-dsp/src/graph/combinators.rs             491                91    81.47%          41                 8    80.49%         296                67    77.36%           0                 0         -
crates/orpheus-dsp/src/graph/helpers.rs                 122                23    81.15%          10                 2    80.00%          76                15    80.26%           0                 0         -
crates/orpheus-dsp/src/graph/primitives.rs              195                10    94.87%          35                 3    91.43%         146                 8    94.52%           0                 0         -
crates/orpheus-dsp/src/graph/processor.rs                33                 0   100.00%           6                 0   100.00%          23                 0   100.00%           0                 0         -
crates/orpheus-dsp/src/offline.rs                       978               167    82.92%          50                22    56.00%         611               103    83.14%           0                 0         -
crates/orpheus-dsp/src/pedal/program.rs                  83                 6    92.77%          17                 1    94.12%          81                 3    96.30%           0                 0         -
crates/orpheus-dsp/src/pedal/runtime.rs                1478               236    84.03%          79                 6    92.41%         883               127    85.62%           0                 0         -
crates/orpheus-dsp/src/plugin_host.rs                   352                41    88.35%          41                 4    90.24%         269                28    89.59%           0                 0         -
crates/orpheus-dsp/src/routing.rs                       825                96    88.36%         114                19    83.33%         713                79    88.92%           0                 0         -
crates/orpheus-dsp/src/sample.rs                        142                24    83.10%          16                 4    75.00%          97                16    83.51%           0                 0         -
crates/orpheus-dsp/src/sample_bank.rs                   987               204    79.33%          71                14    80.28%         634               111    82.49%           0                 0         -
crates/orpheus-dsp/src/sample_manifest.rs               865                46    94.68%          41                 3    92.68%         539                14    97.40%           0                 0         -
crates/orpheus-dsp/src/scheduler.rs                     151                10    93.38%          14                 2    85.71%         102                 2    98.04%           0                 0         -
crates/orpheus-dsp/src/synth/filter.rs                   78                 5    93.59%           5                 0   100.00%          49                 4    91.84%           0                 0         -
crates/orpheus-dsp/src/synth/gain.rs                     43                 0   100.00%           6                 0   100.00%          25                 0   100.00%           0                 0         -
crates/orpheus-dsp/src/synth/math.rs                    102                 0   100.00%          11                 0   100.00%          64                 0   100.00%           0                 0         -
crates/orpheus-dsp/src/synth/mix.rs                      57                 0   100.00%           9                 0   100.00%          37                 0   100.00%           0                 0         -
crates/orpheus-dsp/src/synth/nonlinear.rs               111                 0   100.00%          11                 0   100.00%          67                 0   100.00%           0                 0         -
crates/orpheus-dsp/src/synth/osc.rs                     158                 5    96.84%          16                 0   100.00%          97                 3    96.91%           0                 0         -
crates/orpheus-dsp/src/synth/voice.rs                    59                 0   100.00%           3                 0   100.00%          32                 0   100.00%           0                 0         -
crates/orpheus-dsp/src/transient.rs                     245                15    93.88%          12                 0   100.00%         127                11    91.34%           0                 0         -
crates/orpheus-dsp/src/voice.rs                         887               113    87.26%          53                 5    90.57%         613                96    84.34%           0                 0         -
crates/orpheus-lang/src/abc_export.rs                   189                38    79.89%           7                 1    85.71%          90                14    84.44%           0                 0         -
crates/orpheus-lang/src/arduino_export.rs               243                46    81.07%           7                 1    85.71%         112                10    91.07%           0                 0         -
crates/orpheus-lang/src/ascii_roll.rs                   232                13    94.40%           7                 1    85.71%         104                11    89.42%           0                 0         -
crates/orpheus-lang/src/ast.rs                          336                 3    99.11%          19                 0   100.00%         171                 0   100.00%           0                 0         -
crates/orpheus-lang/src/builtins.rs                    3507               547    84.40%         293                94    67.92%        2370               447    81.14%           0                 0         -
crates/orpheus-lang/src/diagnostics.rs                   41                 0   100.00%           7                 0   100.00%          32                 0   100.00%           0                 0         -
crates/orpheus-lang/src/dot_export.rs                   202                14    93.07%           7                 0   100.00%          93                 7    92.47%           0                 0         -
crates/orpheus-lang/src/error.rs                         51                 0   100.00%           6                 0   100.00%          30                 0   100.00%           0                 0         -
crates/orpheus-lang/src/eval.rs                        2250               201    91.07%         149                11    92.62%        1277                97    92.40%           0                 0         -
crates/orpheus-lang/src/explain.rs                       25                 0   100.00%           2                 0   100.00%          15                 0   100.00%           0                 0         -
crates/orpheus-lang/src/export.rs                      1124                42    96.26%          59                 4    93.22%         616                13    97.89%           0                 0         -
crates/orpheus-lang/src/gcode_export.rs                 221                28    87.33%           7                 1    85.71%         102                 5    95.10%           0                 0         -
crates/orpheus-lang/src/guitar_tab_export.rs            223                29    87.00%           6                 1    83.33%         108                16    85.19%           0                 0         -
crates/orpheus-lang/src/html.rs                         369                23    93.77%           9                 1    88.89%         175                14    92.00%           0                 0         -
crates/orpheus-lang/src/lilypond_export.rs              226                66    70.80%           7                 1    85.71%         109                27    75.23%           0                 0         -
crates/orpheus-lang/src/loader.rs                       231                41    82.25%          12                 4    66.67%         143                32    77.62%           0                 0         -
crates/orpheus-lang/src/mermaid.rs                      146                 9    93.84%           5                 0   100.00%          64                 0   100.00%           0                 0         -
crates/orpheus-lang/src/midi_export.rs                  487                64    86.86%          31                14    54.84%         230                20    91.30%           0                 0         -
crates/orpheus-lang/src/midi_input.rs                   144                 9    93.75%          18                 1    94.44%         104                 7    93.27%           0                 0         -
crates/orpheus-lang/src/mixer.rs                        830               188    77.35%          41                12    70.73%         508                91    82.09%           0                 0         -
crates/orpheus-lang/src/number_roll.rs                  263                13    95.06%           7                 1    85.71%         115                11    90.43%           0                 0         -
crates/orpheus-lang/src/osu_export.rs                   173                17    90.17%           5                 0   100.00%          69                 0   100.00%           0                 0         -
crates/orpheus-lang/src/parser.rs                       895               123    86.26%          54                 6    88.89%         563                78    86.15%           0                 0         -
crates/orpheus-lang/src/pedal.rs                        933               360    61.41%          46                 8    82.61%         668               266    60.18%           0                 0         -
crates/orpheus-lang/src/pitch.rs                        143                23    83.92%          14                 2    85.71%         100                23    77.00%           0                 0         -
crates/orpheus-lang/src/repl.rs                         162                26    83.95%           6                 2    66.67%          78                 9    88.46%           0                 0         -
crates/orpheus-lang/src/scad_export.rs                  209                20    90.43%           5                 0   100.00%         100                 7    93.00%           0                 0         -
crates/orpheus-lang/src/scl.rs                          165                42    74.55%          15                 9    40.00%          83                13    84.34%           0                 0         -
crates/orpheus-lang/src/session.rs                     4606               857    81.39%         315               118    62.54%        2530               498    80.32%           0                 0         -
crates/orpheus-lang/src/srt.rs                          275                14    94.91%          10                 0   100.00%         110                 0   100.00%           0                 0         -
crates/orpheus-lang/src/stats.rs                        499                 8    98.40%           9                 0   100.00%         230                 3    98.70%           0                 0         -
crates/orpheus-lang/src/supercollider_export.rs         288                32    88.89%          10                 2    80.00%         134                 6    95.52%           0                 0         -
crates/orpheus-lang/src/svg.rs                          385                30    92.21%           9                 1    88.89%         193                22    88.60%           0                 0         -
crates/orpheus-lang/src/tracker.rs                      434                68    84.33%           9                 1    88.89%         187                24    87.17%           0                 0         -
crates/orpheus-lang/src/tui/mod.rs                      871               398    54.31%          47                18    61.70%         512               246    51.95%           0                 0         -
crates/orpheus-lang/src/tui/plugins.rs                  436               195    55.28%          12                 3    75.00%         231                96    58.44%           0                 0         -
crates/orpheus-lang/src/tui/state.rs                    720               131    81.81%          59                10    83.05%         439                87    80.18%           0                 0         -
crates/orpheus-lang/src/tui/style.rs                    288                99    65.62%          17                 6    64.71%         168                63    62.50%           0                 0         -
crates/orpheus-lang/src/txt.rs                          225                24    89.33%           5                 0   100.00%          99                 6    93.94%           0                 0         -
crates/orpheus-lang/src/types/env.rs                    543                 0   100.00%          24                 0   100.00%         295                 0   100.00%           0                 0         -
crates/orpheus-lang/src/types/infer.rs                  784                94    88.01%          37                 2    94.59%         375                46    87.73%           0                 0         -
crates/orpheus-lang/src/types/mod.rs                    208                 3    98.56%          14                 0   100.00%         100                 0   100.00%           0                 0         -
crates/orpheus-lang/src/value.rs                       5356              1389    74.07%         446                82    81.61%        3914              1130    71.13%           0                 0         -
crates/orpheus-pattern/src/cycle.rs                     409                21    94.87%          26                 2    92.31%         212                11    94.81%           0                 0         -
crates/orpheus-pattern/src/lib.rs                        23                 0   100.00%           3                 0   100.00%          17                 0   100.00%           0                 0         -
crates/orpheus-pattern/src/rational.rs                  327                16    95.11%          30                 4    86.67%         224                 8    96.43%           0                 0         -
crates/orpheus-pattern/src/stream.rs                    308                 1    99.68%          13                 0   100.00%         147                 0   100.00%           0                 0         -
crates/orpheus-pattern/src/time.rs                       30                 1    96.67%           7                 0   100.00%          27                 0   100.00%           0                 0         -
src/main.rs                                             324               137    57.72%          19                 9    52.63%         177                74    58.19%           0                 0         -
---------------------------------------------------------------------------------------------------------------------------------------------------------------------------------------------------------------
TOTAL                                                 41879              6734    83.92%        2868               555    80.65%       25620              4324    83.12%           0                 0         -
