Filename                                        Regions    Missed Regions     Cover   Functions  Missed Functions  Executed       Lines      Missed Lines     Cover    Branches   Missed Branches     Cover
-----------------------------------------------------------------------------------------------------------------------------------------------------------------------------------------------------------
crates/orpheus-dsp/src/command.rs                   396                 0   100.00%          63                 0   100.00%         334                 0   100.00%           0                 0         -
crates/orpheus-dsp/src/effects/delay.rs             191                 6    96.86%          12                 0   100.00%         107                 0   100.00%           0                 0         -
crates/orpheus-dsp/src/effects/mod.rs                50                11    78.00%           4                 1    75.00%          30                 6    80.00%           0                 0         -
crates/orpheus-dsp/src/effects/reverb.rs            285                 0   100.00%          28                 0   100.00%         199                 0   100.00%           0                 0         -
crates/orpheus-dsp/src/engine.rs                    848                68    91.98%          79                16    79.75%         575                40    93.04%           0                 0         -
crates/orpheus-dsp/src/graph/adapters.rs            181                49    72.93%          35                11    68.57%         150                40    73.33%           0                 0         -
crates/orpheus-dsp/src/graph/combinators.rs         491                91    81.47%          41                 8    80.49%         296                67    77.36%           0                 0         -
crates/orpheus-dsp/src/graph/helpers.rs             122                23    81.15%          10                 2    80.00%          76                15    80.26%           0                 0         -
crates/orpheus-dsp/src/graph/primitives.rs          195                10    94.87%          35                 3    91.43%         146                 8    94.52%           0                 0         -
crates/orpheus-dsp/src/graph/processor.rs            33                 0   100.00%           6                 0   100.00%          23                 0   100.00%           0                 0         -
crates/orpheus-dsp/src/offline.rs                   863               166    80.76%          43                21    51.16%         521               102    80.42%           0                 0         -
crates/orpheus-dsp/src/pedal/program.rs              83                 6    92.77%          17                 1    94.12%          81                 3    96.30%           0                 0         -
crates/orpheus-dsp/src/pedal/runtime.rs            1285               210    83.66%          63                 3    95.24%         779               114    85.37%           0                 0         -
crates/orpheus-dsp/src/routing.rs                   825                96    88.36%         114                19    83.33%         713                79    88.92%           0                 0         -
crates/orpheus-dsp/src/sample.rs                    142                30    78.87%          16                 5    68.75%          97                20    79.38%           0                 0         -
crates/orpheus-dsp/src/sample_bank.rs               602               130    78.41%          37                 7    81.08%         364                74    79.67%           0                 0         -
crates/orpheus-dsp/src/sample_manifest.rs           880                50    94.32%          43                 4    90.70%         552                18    96.74%           0                 0         -
crates/orpheus-dsp/src/scheduler.rs                 151                10    93.38%          14                 2    85.71%         102                 2    98.04%           0                 0         -
crates/orpheus-dsp/src/synth/filter.rs               78                 5    93.59%           5                 0   100.00%          49                 4    91.84%           0                 0         -
crates/orpheus-dsp/src/synth/gain.rs                 43                 0   100.00%           6                 0   100.00%          25                 0   100.00%           0                 0         -
crates/orpheus-dsp/src/synth/math.rs                102                 0   100.00%          11                 0   100.00%          64                 0   100.00%           0                 0         -
crates/orpheus-dsp/src/synth/mix.rs                  57                 0   100.00%           9                 0   100.00%          37                 0   100.00%           0                 0         -
crates/orpheus-dsp/src/synth/nonlinear.rs           111                 0   100.00%          11                 0   100.00%          67                 0   100.00%           0                 0         -
crates/orpheus-dsp/src/synth/osc.rs                 158                 5    96.84%          16                 0   100.00%          97                 3    96.91%           0                 0         -
crates/orpheus-dsp/src/synth/voice.rs                59                 0   100.00%           3                 0   100.00%          32                 0   100.00%           0                 0         -
crates/orpheus-dsp/src/transient.rs                 244                15    93.85%          12                 0   100.00%         127                11    91.34%           0                 0         -
crates/orpheus-dsp/src/voice.rs                     853               105    87.69%          50                 4    92.00%         562                82    85.41%           0                 0         -
crates/orpheus-lang/src/ascii_roll.rs               174                13    92.53%           5                 1    80.00%          78                 9    88.46%           0                 0         -
crates/orpheus-lang/src/ast.rs                      327                 3    99.08%          18                 0   100.00%         164                 0   100.00%           0                 0         -
crates/orpheus-lang/src/builtins.rs                2730               429    84.29%         225                70    68.89%        1864               365    80.42%           0                 0         -
crates/orpheus-lang/src/diagnostics.rs               30                 0   100.00%           6                 0   100.00%          27                 0   100.00%           0                 0         -
crates/orpheus-lang/src/eval.rs                    1975               229    88.41%         139                13    90.65%        1150               132    88.52%           0                 0         -
crates/orpheus-lang/src/export.rs                  1139                42    96.31%          60                 4    93.33%         632                13    97.94%           0                 0         -
crates/orpheus-lang/src/html.rs                     287                25    91.29%           6                 1    83.33%         145                16    88.97%           0                 0         -
crates/orpheus-lang/src/loader.rs                   233                51    78.11%          12                 5    58.33%         143                39    72.73%           0                 0         -
crates/orpheus-lang/src/midi_export.rs              399                66    83.46%          28                14    50.00%         200                22    89.00%           0                 0         -
crates/orpheus-lang/src/midi_input.rs               144                 9    93.75%          18                 1    94.44%         104                 7    93.27%           0                 0         -
crates/orpheus-lang/src/mixer.rs                    456                34    92.54%          34                 9    73.53%         336                25    92.56%           0                 0         -
crates/orpheus-lang/src/parser.rs                   857               112    86.93%          54                 6    88.89%         531                70    86.82%           0                 0         -
crates/orpheus-lang/src/pedal.rs                    768               304    60.42%          49                14    71.43%         615               264    57.07%           0                 0         -
crates/orpheus-lang/src/pitch.rs                    143                23    83.92%          14                 2    85.71%         100                23    77.00%           0                 0         -
crates/orpheus-lang/src/repl.rs                     162                26    83.95%           6                 2    66.67%          78                 9    88.46%           0                 0         -
crates/orpheus-lang/src/session.rs                 3384               755    77.69%         255               110    56.86%        1832               425    76.80%           0                 0         -
crates/orpheus-lang/src/srt.rs                      193                16    91.71%           7                 0   100.00%          80                 2    97.50%           0                 0         -
crates/orpheus-lang/src/stats.rs                    315                 8    97.46%           6                 0   100.00%         134                 3    97.76%           0                 0         -
crates/orpheus-lang/src/svg.rs                      298                27    90.94%           5                 0   100.00%         156                20    87.18%           0                 0         -
crates/orpheus-lang/src/tracker.rs                  417                56    86.57%           8                 0   100.00%         170                14    91.76%           0                 0         -
crates/orpheus-lang/src/tui/mod.rs                  712               282    60.39%          44                16    63.64%         423               180    57.45%           0                 0         -
crates/orpheus-lang/src/tui/plugins.rs              383               177    53.79%          12                 3    75.00%         213                96    54.93%           0                 0         -
crates/orpheus-lang/src/tui/state.rs                481               211    56.13%          43                20    53.49%         317               141    55.52%           0                 0         -
crates/orpheus-lang/src/tui/style.rs                196               113    42.35%          15                 7    53.33%         127                75    40.94%           0                 0         -
crates/orpheus-lang/src/txt.rs                      225                24    89.33%           5                 0   100.00%          99                 6    93.94%           0                 0         -
crates/orpheus-lang/src/types/env.rs                529                 0   100.00%          22                 0   100.00%         272                 0   100.00%           0                 0         -
crates/orpheus-lang/src/types/infer.rs              770                92    88.05%          36                 2    94.44%         366                44    87.98%           0                 0         -
crates/orpheus-lang/src/types/mod.rs                199                 3    98.49%          14                 0   100.00%          97                 0   100.00%           0                 0         -
crates/orpheus-lang/src/value.rs                   4391               840    80.87%         382                79    79.32%        3077               685    77.74%           0                 0         -
crates/orpheus-pattern/src/cycle.rs                 417                20    95.20%          26                 2    92.31%         212                 8    96.23%           0                 0         -
crates/orpheus-pattern/src/lib.rs                    23                 0   100.00%           3                 0   100.00%          17                 0   100.00%           0                 0         -
crates/orpheus-pattern/src/rational.rs              327                16    95.11%          30                 4    86.67%         224                 8    96.43%           0                 0         -
crates/orpheus-pattern/src/stream.rs                303                 1    99.67%          13                 0   100.00%         145                 0   100.00%           0                 0         -
crates/orpheus-pattern/src/time.rs                   30                 1    96.67%           7                 0   100.00%          27                 0   100.00%           0                 0         -
src/main.rs                                         185               115    37.84%          12                 8    33.33%         104                63    39.42%           0                 0         -
-----------------------------------------------------------------------------------------------------------------------------------------------------------------------------------------------------------
TOTAL                                             32930              5209    84.18%        2402               500    79.18%       20464              3452    83.13%           0                 0         -
