SF:/app/crates/orpheus-dsp/src/command.rs
FN:167,_RINvMs_NtCsjMxiqbwISkm_11orpheus_dsp7commandNtB5_13PatternUpdate3newReECs7XmEy3ISjDb_15engine_commands
FN:31,_RINvMNtCsjMxiqbwISkm_11orpheus_dsp7commandNtB3_13SampleTrigger5namedReEB5_
FN:167,_RINvMs_NtCsjMxiqbwISkm_11orpheus_dsp7commandNtB5_13PatternUpdate3newNtNtCsauO83Ko6oyK_5alloc6string6StringEB7_
FN:175,_RINvMs_NtCsjMxiqbwISkm_11orpheus_dsp7commandNtB5_13PatternUpdate6silentNtNtCsauO83Ko6oyK_5alloc6string6StringEB7_
FN:72,_RNvMNtCsjMxiqbwISkm_11orpheus_dsp7commandNtB2_13SampleTrigger10with_drive
FN:90,_RNvMNtCsjMxiqbwISkm_11orpheus_dsp7commandNtB2_13SampleTrigger10with_slice
FN:133,_RNvMNtCsjMxiqbwISkm_11orpheus_dsp7commandNtB2_13SampleTrigger11pulse_width
FN:143,_RNvMNtCsjMxiqbwISkm_11orpheus_dsp7commandNtB2_13SampleTrigger11slice_start
FN:113,_RNvMNtCsjMxiqbwISkm_11orpheus_dsp7commandNtB2_13SampleTrigger13hpf_cutoff_hz
FN:118,_RNvMNtCsjMxiqbwISkm_11orpheus_dsp7commandNtB2_13SampleTrigger13lpf_cutoff_hz
FN:66,_RNvMNtCsjMxiqbwISkm_11orpheus_dsp7commandNtB2_13SampleTrigger14with_resonance
FN:78,_RNvMNtCsjMxiqbwISkm_11orpheus_dsp7commandNtB2_13SampleTrigger16with_pulse_width
FN:54,_RNvMNtCsjMxiqbwISkm_11orpheus_dsp7commandNtB2_13SampleTrigger18with_hpf_cutoff_hz
FN:60,_RNvMNtCsjMxiqbwISkm_11orpheus_dsp7commandNtB2_13SampleTrigger18with_lpf_cutoff_hz
FN:153,_RNvMNtCsjMxiqbwISkm_11orpheus_dsp7commandNtB2_13SampleTrigger3pan
FN:108,_RNvMNtCsjMxiqbwISkm_11orpheus_dsp7commandNtB2_13SampleTrigger4gain
FN:138,_RNvMNtCsjMxiqbwISkm_11orpheus_dsp7commandNtB2_13SampleTrigger4rate
FN:128,_RNvMNtCsjMxiqbwISkm_11orpheus_dsp7commandNtB2_13SampleTrigger5drive
FN:103,_RNvMNtCsjMxiqbwISkm_11orpheus_dsp7commandNtB2_13SampleTrigger5token
FN:97,_RNvMNtCsjMxiqbwISkm_11orpheus_dsp7commandNtB2_13SampleTrigger8with_pan
FN:123,_RNvMNtCsjMxiqbwISkm_11orpheus_dsp7commandNtB2_13SampleTrigger9resonance
FN:148,_RNvMNtCsjMxiqbwISkm_11orpheus_dsp7commandNtB2_13SampleTrigger9slice_end
FN:48,_RNvMNtCsjMxiqbwISkm_11orpheus_dsp7commandNtB2_13SampleTrigger9with_gain
FN:84,_RNvMNtCsjMxiqbwISkm_11orpheus_dsp7commandNtB2_13SampleTrigger9with_rate
FN:180,_RNvMs_NtCsjMxiqbwISkm_11orpheus_dsp7commandNtB4_13PatternUpdate4name
FN:185,_RNvMs_NtCsjMxiqbwISkm_11orpheus_dsp7commandNtB4_13PatternUpdate6events
FN:223,_RNvNtCsjMxiqbwISkm_11orpheus_dsp7command17new_command_queue
FN:167,_RINvMs_NtCsjMxiqbwISkm_11orpheus_dsp7commandNtB5_13PatternUpdate3newReECs3Wwp4yYjlin_12orpheus_lang
FN:72,_RNvMNtCshuf9YsoCNv4_11orpheus_dsp7commandNtB2_13SampleTrigger10with_drive
FN:90,_RNvMNtCshuf9YsoCNv4_11orpheus_dsp7commandNtB2_13SampleTrigger10with_slice
FN:133,_RNvMNtCshuf9YsoCNv4_11orpheus_dsp7commandNtB2_13SampleTrigger11pulse_width
FN:143,_RNvMNtCshuf9YsoCNv4_11orpheus_dsp7commandNtB2_13SampleTrigger11slice_start
FN:113,_RNvMNtCshuf9YsoCNv4_11orpheus_dsp7commandNtB2_13SampleTrigger13hpf_cutoff_hz
FN:118,_RNvMNtCshuf9YsoCNv4_11orpheus_dsp7commandNtB2_13SampleTrigger13lpf_cutoff_hz
FN:66,_RNvMNtCshuf9YsoCNv4_11orpheus_dsp7commandNtB2_13SampleTrigger14with_resonance
FN:78,_RNvMNtCshuf9YsoCNv4_11orpheus_dsp7commandNtB2_13SampleTrigger16with_pulse_width
FN:54,_RNvMNtCshuf9YsoCNv4_11orpheus_dsp7commandNtB2_13SampleTrigger18with_hpf_cutoff_hz
FN:60,_RNvMNtCshuf9YsoCNv4_11orpheus_dsp7commandNtB2_13SampleTrigger18with_lpf_cutoff_hz
FN:153,_RNvMNtCshuf9YsoCNv4_11orpheus_dsp7commandNtB2_13SampleTrigger3pan
FN:108,_RNvMNtCshuf9YsoCNv4_11orpheus_dsp7commandNtB2_13SampleTrigger4gain
FN:138,_RNvMNtCshuf9YsoCNv4_11orpheus_dsp7commandNtB2_13SampleTrigger4rate
FN:128,_RNvMNtCshuf9YsoCNv4_11orpheus_dsp7commandNtB2_13SampleTrigger5drive
FN:103,_RNvMNtCshuf9YsoCNv4_11orpheus_dsp7commandNtB2_13SampleTrigger5token
FN:97,_RNvMNtCshuf9YsoCNv4_11orpheus_dsp7commandNtB2_13SampleTrigger8with_pan
FN:123,_RNvMNtCshuf9YsoCNv4_11orpheus_dsp7commandNtB2_13SampleTrigger9resonance
FN:148,_RNvMNtCshuf9YsoCNv4_11orpheus_dsp7commandNtB2_13SampleTrigger9slice_end
FN:48,_RNvMNtCshuf9YsoCNv4_11orpheus_dsp7commandNtB2_13SampleTrigger9with_gain
FN:84,_RNvMNtCshuf9YsoCNv4_11orpheus_dsp7commandNtB2_13SampleTrigger9with_rate
FN:180,_RNvMs_NtCshuf9YsoCNv4_11orpheus_dsp7commandNtB4_13PatternUpdate4name
FN:185,_RNvMs_NtCshuf9YsoCNv4_11orpheus_dsp7commandNtB4_13PatternUpdate6events
FN:277,_RNvNtNtCshuf9YsoCNv4_11orpheus_dsp7command5testss_41pattern_update_new_stores_name_and_events
FN:251,_RNvNtNtCshuf9YsoCNv4_11orpheus_dsp7command5testss_44sample_trigger_builder_methods_update_fields
FN:290,_RNvNtNtCshuf9YsoCNv4_11orpheus_dsp7command5testss_47pattern_update_silent_creates_empty_events_list
FN:234,_RNvNtNtCshuf9YsoCNv4_11orpheus_dsp7command5testss_52sample_trigger_named_initializes_with_default_values
FN:31,_RINvMNtCshuf9YsoCNv4_11orpheus_dsp7commandNtB3_13SampleTrigger5namedReEB5_
FN:167,_RINvMs_NtCshuf9YsoCNv4_11orpheus_dsp7commandNtB5_13PatternUpdate3newReEB7_
FN:175,_RINvMs_NtCshuf9YsoCNv4_11orpheus_dsp7commandNtB5_13PatternUpdate6silentReEB7_
FN:223,_RNvNtCshuf9YsoCNv4_11orpheus_dsp7command17new_command_queue
FN:167,_RINvMs_NtCsjMxiqbwISkm_11orpheus_dsp7commandNtB5_13PatternUpdate3newReECsisg21mIXr1_12orpheus_lang
FNDA:18,_RINvMs_NtCsjMxiqbwISkm_11orpheus_dsp7commandNtB5_13PatternUpdate3newReECs7XmEy3ISjDb_15engine_commands
FNDA:438,_RINvMNtCsjMxiqbwISkm_11orpheus_dsp7commandNtB3_13SampleTrigger5namedReEB5_
FNDA:4,_RINvMs_NtCsjMxiqbwISkm_11orpheus_dsp7commandNtB5_13PatternUpdate3newNtNtCsauO83Ko6oyK_5alloc6string6StringEB7_
FNDA:4,_RINvMs_NtCsjMxiqbwISkm_11orpheus_dsp7commandNtB5_13PatternUpdate6silentNtNtCsauO83Ko6oyK_5alloc6string6StringEB7_
FNDA:384,_RNvMNtCsjMxiqbwISkm_11orpheus_dsp7commandNtB2_13SampleTrigger10with_drive
FNDA:387,_RNvMNtCsjMxiqbwISkm_11orpheus_dsp7commandNtB2_13SampleTrigger10with_slice
FNDA:136,_RNvMNtCsjMxiqbwISkm_11orpheus_dsp7commandNtB2_13SampleTrigger11pulse_width
FNDA:260,_RNvMNtCsjMxiqbwISkm_11orpheus_dsp7commandNtB2_13SampleTrigger11slice_start
FNDA:260,_RNvMNtCsjMxiqbwISkm_11orpheus_dsp7commandNtB2_13SampleTrigger13hpf_cutoff_hz
FNDA:266,_RNvMNtCsjMxiqbwISkm_11orpheus_dsp7commandNtB2_13SampleTrigger13lpf_cutoff_hz
FNDA:384,_RNvMNtCsjMxiqbwISkm_11orpheus_dsp7commandNtB2_13SampleTrigger14with_resonance
FNDA:384,_RNvMNtCsjMxiqbwISkm_11orpheus_dsp7commandNtB2_13SampleTrigger16with_pulse_width
FNDA:2,_RNvMNtCsjMxiqbwISkm_11orpheus_dsp7commandNtB2_13SampleTrigger18with_hpf_cutoff_hz
FNDA:2,_RNvMNtCsjMxiqbwISkm_11orpheus_dsp7commandNtB2_13SampleTrigger18with_lpf_cutoff_hz
FNDA:266,_RNvMNtCsjMxiqbwISkm_11orpheus_dsp7commandNtB2_13SampleTrigger3pan
FNDA:266,_RNvMNtCsjMxiqbwISkm_11orpheus_dsp7commandNtB2_13SampleTrigger4gain
FNDA:272,_RNvMNtCsjMxiqbwISkm_11orpheus_dsp7commandNtB2_13SampleTrigger4rate
FNDA:136,_RNvMNtCsjMxiqbwISkm_11orpheus_dsp7commandNtB2_13SampleTrigger5drive
FNDA:443,_RNvMNtCsjMxiqbwISkm_11orpheus_dsp7commandNtB2_13SampleTrigger5token
FNDA:386,_RNvMNtCsjMxiqbwISkm_11orpheus_dsp7commandNtB2_13SampleTrigger8with_pan
FNDA:136,_RNvMNtCsjMxiqbwISkm_11orpheus_dsp7commandNtB2_13SampleTrigger9resonance
FNDA:260,_RNvMNtCsjMxiqbwISkm_11orpheus_dsp7commandNtB2_13SampleTrigger9slice_end
FNDA:386,_RNvMNtCsjMxiqbwISkm_11orpheus_dsp7commandNtB2_13SampleTrigger9with_gain
FNDA:388,_RNvMNtCsjMxiqbwISkm_11orpheus_dsp7commandNtB2_13SampleTrigger9with_rate
FNDA:48,_RNvMs_NtCsjMxiqbwISkm_11orpheus_dsp7commandNtB4_13PatternUpdate4name
FNDA:52,_RNvMs_NtCsjMxiqbwISkm_11orpheus_dsp7commandNtB4_13PatternUpdate6events
FNDA:154,_RNvNtCsjMxiqbwISkm_11orpheus_dsp7command17new_command_queue
FNDA:7,_RINvMs_NtCsjMxiqbwISkm_11orpheus_dsp7commandNtB5_13PatternUpdate3newReECs3Wwp4yYjlin_12orpheus_lang
FNDA:1,_RNvMNtCshuf9YsoCNv4_11orpheus_dsp7commandNtB2_13SampleTrigger10with_drive
FNDA:1,_RNvMNtCshuf9YsoCNv4_11orpheus_dsp7commandNtB2_13SampleTrigger10with_slice
FNDA:2,_RNvMNtCshuf9YsoCNv4_11orpheus_dsp7commandNtB2_13SampleTrigger11pulse_width
FNDA:2,_RNvMNtCshuf9YsoCNv4_11orpheus_dsp7commandNtB2_13SampleTrigger11slice_start
FNDA:2,_RNvMNtCshuf9YsoCNv4_11orpheus_dsp7commandNtB2_13SampleTrigger13hpf_cutoff_hz
FNDA:2,_RNvMNtCshuf9YsoCNv4_11orpheus_dsp7commandNtB2_13SampleTrigger13lpf_cutoff_hz
FNDA:1,_RNvMNtCshuf9YsoCNv4_11orpheus_dsp7commandNtB2_13SampleTrigger14with_resonance
FNDA:1,_RNvMNtCshuf9YsoCNv4_11orpheus_dsp7commandNtB2_13SampleTrigger16with_pulse_width
FNDA:1,_RNvMNtCshuf9YsoCNv4_11orpheus_dsp7commandNtB2_13SampleTrigger18with_hpf_cutoff_hz
FNDA:1,_RNvMNtCshuf9YsoCNv4_11orpheus_dsp7commandNtB2_13SampleTrigger18with_lpf_cutoff_hz
FNDA:2,_RNvMNtCshuf9YsoCNv4_11orpheus_dsp7commandNtB2_13SampleTrigger3pan
FNDA:2,_RNvMNtCshuf9YsoCNv4_11orpheus_dsp7commandNtB2_13SampleTrigger4gain
FNDA:2,_RNvMNtCshuf9YsoCNv4_11orpheus_dsp7commandNtB2_13SampleTrigger4rate
FNDA:2,_RNvMNtCshuf9YsoCNv4_11orpheus_dsp7commandNtB2_13SampleTrigger5drive
FNDA:2,_RNvMNtCshuf9YsoCNv4_11orpheus_dsp7commandNtB2_13SampleTrigger5token
FNDA:1,_RNvMNtCshuf9YsoCNv4_11orpheus_dsp7commandNtB2_13SampleTrigger8with_pan
FNDA:2,_RNvMNtCshuf9YsoCNv4_11orpheus_dsp7commandNtB2_13SampleTrigger9resonance
FNDA:2,_RNvMNtCshuf9YsoCNv4_11orpheus_dsp7commandNtB2_13SampleTrigger9slice_end
FNDA:1,_RNvMNtCshuf9YsoCNv4_11orpheus_dsp7commandNtB2_13SampleTrigger9with_gain
FNDA:1,_RNvMNtCshuf9YsoCNv4_11orpheus_dsp7commandNtB2_13SampleTrigger9with_rate
FNDA:2,_RNvMs_NtCshuf9YsoCNv4_11orpheus_dsp7commandNtB4_13PatternUpdate4name
FNDA:2,_RNvMs_NtCshuf9YsoCNv4_11orpheus_dsp7commandNtB4_13PatternUpdate6events
FNDA:1,_RNvNtNtCshuf9YsoCNv4_11orpheus_dsp7command5testss_41pattern_update_new_stores_name_and_events
FNDA:1,_RNvNtNtCshuf9YsoCNv4_11orpheus_dsp7command5testss_44sample_trigger_builder_methods_update_fields
FNDA:1,_RNvNtNtCshuf9YsoCNv4_11orpheus_dsp7command5testss_47pattern_update_silent_creates_empty_events_list
FNDA:1,_RNvNtNtCshuf9YsoCNv4_11orpheus_dsp7command5testss_52sample_trigger_named_initializes_with_default_values
FNDA:3,_RINvMNtCshuf9YsoCNv4_11orpheus_dsp7commandNtB3_13SampleTrigger5namedReEB5_
FNDA:2,_RINvMs_NtCshuf9YsoCNv4_11orpheus_dsp7commandNtB5_13PatternUpdate3newReEB7_
FNDA:1,_RINvMs_NtCshuf9YsoCNv4_11orpheus_dsp7commandNtB5_13PatternUpdate6silentReEB7_
FNDA:0,_RNvNtCshuf9YsoCNv4_11orpheus_dsp7command17new_command_queue
FNDA:55,_RINvMs_NtCsjMxiqbwISkm_11orpheus_dsp7commandNtB5_13PatternUpdate3newReECsisg21mIXr1_12orpheus_lang
FNF:30
FNH:30
DA:31,441
DA:32,441
DA:33,441
DA:34,441
DA:35,441
DA:36,441
DA:37,441
DA:38,441
DA:39,441
DA:40,441
DA:41,441
DA:42,441
DA:43,441
DA:44,441
DA:45,441
DA:48,387
DA:49,387
DA:50,387
DA:51,387
DA:54,3
DA:55,3
DA:56,3
DA:57,3
DA:60,3
DA:61,3
DA:62,3
DA:63,3
DA:66,385
DA:67,385
DA:68,385
DA:69,385
DA:72,385
DA:73,385
DA:74,385
DA:75,385
DA:78,385
DA:79,385
DA:80,385
DA:81,385
DA:84,389
DA:85,389
DA:86,389
DA:87,389
DA:90,388
DA:91,388
DA:92,388
DA:93,388
DA:94,388
DA:97,387
DA:98,387
DA:99,387
DA:100,387
DA:103,445
DA:104,445
DA:105,445
DA:108,268
DA:109,268
DA:110,268
DA:113,262
DA:114,262
DA:115,262
DA:118,268
DA:119,268
DA:120,268
DA:123,138
DA:124,138
DA:125,138
DA:128,138
DA:129,138
DA:130,138
DA:133,138
DA:134,138
DA:135,138
DA:138,274
DA:139,274
DA:140,274
DA:143,262
DA:144,262
DA:145,262
DA:148,262
DA:149,262
DA:150,262
DA:153,268
DA:154,268
DA:155,268
DA:167,86
DA:168,86
DA:169,86
DA:170,86
DA:171,86
DA:172,86
DA:175,5
DA:176,5
DA:177,5
DA:180,50
DA:181,50
DA:182,50
DA:185,54
DA:186,54
DA:187,54
DA:223,154
DA:224,154
DA:225,154
DA:234,1
DA:235,1
DA:236,1
DA:237,1
DA:238,1
DA:239,1
DA:240,1
DA:241,1
DA:242,1
DA:243,1
DA:244,1
DA:245,1
DA:246,1
DA:247,1
DA:251,1
DA:252,1
DA:253,1
DA:254,1
DA:255,1
DA:256,1
DA:257,1
DA:258,1
DA:259,1
DA:260,1
DA:261,1
DA:263,1
DA:264,1
DA:265,1
DA:266,1
DA:267,1
DA:268,1
DA:269,1
DA:270,1
DA:271,1
DA:272,1
DA:273,1
DA:274,1
DA:277,1
DA:278,1
DA:279,1
DA:280,1
DA:281,1
DA:282,1
DA:284,1
DA:285,1
DA:286,1
DA:287,1
DA:290,1
DA:291,1
DA:292,1
DA:293,1
DA:294,1
BRF:0
BRH:0
LF:155
LH:155
end_of_record
SF:/app/crates/orpheus-dsp/src/effects/delay.rs
FN:27,_RNvMNtNtCsjMxiqbwISkm_11orpheus_dsp7effects5delayNtB2_10DelayState11sync_timing
FN:44,_RNvMNtNtCsjMxiqbwISkm_11orpheus_dsp7effects5delayNtB2_10DelayState13process_frame
FN:16,_RNvMNtNtCsjMxiqbwISkm_11orpheus_dsp7effects5delayNtB2_10DelayState3new
FN:57,_RNvMNtNtCsjMxiqbwISkm_11orpheus_dsp7effects5delayNtB2_10DelayState5reset
FN:63,_RNvNtNtCsjMxiqbwISkm_11orpheus_dsp7effects5delay12delay_frames
FN:27,_RNvMNtNtCshuf9YsoCNv4_11orpheus_dsp7effects5delayNtB2_10DelayState11sync_timing
FN:44,_RNvMNtNtCshuf9YsoCNv4_11orpheus_dsp7effects5delayNtB2_10DelayState13process_frame
FN:16,_RNvMNtNtCshuf9YsoCNv4_11orpheus_dsp7effects5delayNtB2_10DelayState3new
FN:57,_RNvMNtNtCshuf9YsoCNv4_11orpheus_dsp7effects5delayNtB2_10DelayState5reset
FN:63,_RNvNtNtCshuf9YsoCNv4_11orpheus_dsp7effects5delay12delay_frames
FNDA:8,_RNvMNtNtCsjMxiqbwISkm_11orpheus_dsp7effects5delayNtB2_10DelayState11sync_timing
FNDA:997,_RNvMNtNtCsjMxiqbwISkm_11orpheus_dsp7effects5delayNtB2_10DelayState13process_frame
FNDA:7,_RNvMNtNtCsjMxiqbwISkm_11orpheus_dsp7effects5delayNtB2_10DelayState3new
FNDA:0,_RNvMNtNtCsjMxiqbwISkm_11orpheus_dsp7effects5delayNtB2_10DelayState5reset
FNDA:15,_RNvNtNtCsjMxiqbwISkm_11orpheus_dsp7effects5delay12delay_frames
FNDA:0,_RNvMNtNtCshuf9YsoCNv4_11orpheus_dsp7effects5delayNtB2_10DelayState11sync_timing
FNDA:0,_RNvMNtNtCshuf9YsoCNv4_11orpheus_dsp7effects5delayNtB2_10DelayState13process_frame
FNDA:0,_RNvMNtNtCshuf9YsoCNv4_11orpheus_dsp7effects5delayNtB2_10DelayState3new
FNDA:0,_RNvMNtNtCshuf9YsoCNv4_11orpheus_dsp7effects5delayNtB2_10DelayState5reset
FNDA:0,_RNvNtNtCshuf9YsoCNv4_11orpheus_dsp7effects5delay12delay_frames
FNF:5
FNH:4
DA:16,7
DA:17,7
DA:18,7
DA:19,7
DA:20,7
DA:21,7
DA:22,7
DA:23,7
DA:24,7
DA:25,7
DA:27,8
DA:28,8
DA:29,8
DA:30,8
DA:31,8
DA:32,8
DA:33,8
DA:34,8
DA:35,8
DA:36,0
DA:37,0
DA:38,0
DA:39,8
DA:40,8
DA:41,8
DA:44,997
DA:45,997
DA:46,997
DA:47,997
DA:48,997
DA:49,997
DA:50,997
DA:51,997
DA:52,33
DA:53,964
DA:54,997
DA:55,997
DA:57,0
DA:58,0
DA:59,0
DA:60,0
DA:63,15
DA:64,15
DA:65,15
DA:66,15
DA:67,15
DA:68,15
DA:69,15
DA:70,0
DA:71,15
DA:72,15
DA:73,15
BRF:0
BRH:0
LF:52
LH:44
end_of_record
SF:/app/crates/orpheus-dsp/src/effects/mod.rs
FN:26,_RNvMNtCsjMxiqbwISkm_11orpheus_dsp7effectsNtB2_14BusEffectState11sync_timing
FN:45,_RNvMNtCsjMxiqbwISkm_11orpheus_dsp7effectsNtB2_14BusEffectState13process_frame
FN:52,_RNvMNtCsjMxiqbwISkm_11orpheus_dsp7effectsNtB2_14BusEffectState5reset
FN:17,_RNvMNtCsjMxiqbwISkm_11orpheus_dsp7effectsNtB2_14BusEffectState9from_spec
FN:26,_RNvMNtCshuf9YsoCNv4_11orpheus_dsp7effectsNtB2_14BusEffectState11sync_timing
FN:45,_RNvMNtCshuf9YsoCNv4_11orpheus_dsp7effectsNtB2_14BusEffectState13process_frame
FN:52,_RNvMNtCshuf9YsoCNv4_11orpheus_dsp7effectsNtB2_14BusEffectState5reset
FN:17,_RNvMNtCshuf9YsoCNv4_11orpheus_dsp7effectsNtB2_14BusEffectState9from_spec
FNDA:22,_RNvMNtCsjMxiqbwISkm_11orpheus_dsp7effectsNtB2_14BusEffectState11sync_timing
FNDA:4213,_RNvMNtCsjMxiqbwISkm_11orpheus_dsp7effectsNtB2_14BusEffectState13process_frame
FNDA:0,_RNvMNtCsjMxiqbwISkm_11orpheus_dsp7effectsNtB2_14BusEffectState5reset
FNDA:13,_RNvMNtCsjMxiqbwISkm_11orpheus_dsp7effectsNtB2_14BusEffectState9from_spec
FNDA:0,_RNvMNtCshuf9YsoCNv4_11orpheus_dsp7effectsNtB2_14BusEffectState11sync_timing
FNDA:0,_RNvMNtCshuf9YsoCNv4_11orpheus_dsp7effectsNtB2_14BusEffectState13process_frame
FNDA:0,_RNvMNtCshuf9YsoCNv4_11orpheus_dsp7effectsNtB2_14BusEffectState5reset
FNDA:0,_RNvMNtCshuf9YsoCNv4_11orpheus_dsp7effectsNtB2_14BusEffectState9from_spec
FNF:4
FNH:3
DA:17,13
DA:18,13
DA:19,7
DA:20,7
DA:22,6
DA:24,13
DA:26,22
DA:27,22
DA:28,22
DA:29,22
DA:30,22
DA:31,22
DA:32,8
DA:33,8
DA:35,14
DA:36,14
DA:37,14
DA:38,14
DA:40,0
DA:42,22
DA:45,4213
DA:46,4213
DA:47,997
DA:48,3216
DA:50,4213
DA:52,0
DA:53,0
DA:54,0
DA:55,0
DA:57,0
BRF:0
BRH:0
LF:30
LH:24
end_of_record
SF:/app/crates/orpheus-dsp/src/effects/reverb.rs
FN:71,_RNCNvMs_NtNtCsjMxiqbwISkm_11orpheus_dsp7effects6reverbNtB6_18ReverbChannelState3new0Ba_
FN:75,_RNCNvMs_NtNtCsjMxiqbwISkm_11orpheus_dsp7effects6reverbNtB6_18ReverbChannelState3news_0Ba_
FN:91,_RNCNvMs_NtNtCsjMxiqbwISkm_11orpheus_dsp7effects6reverbNtB6_18ReverbChannelState7process0Ba_
FN:47,_RNvMNtNtCsjMxiqbwISkm_11orpheus_dsp7effects6reverbNtB2_11ReverbState13process_frame
FN:19,_RNvMNtNtCsjMxiqbwISkm_11orpheus_dsp7effects6reverbNtB2_11ReverbState3new
FN:54,_RNvMNtNtCsjMxiqbwISkm_11orpheus_dsp7effects6reverbNtB2_11ReverbState5reset
FN:39,_RNvMNtNtCsjMxiqbwISkm_11orpheus_dsp7effects6reverbNtB2_11ReverbState9sync_spec
FN:118,_RNvMs0_NtNtCsjMxiqbwISkm_11orpheus_dsp7effects6reverbNtB5_9CombState3new
FN:145,_RNvMs0_NtNtCsjMxiqbwISkm_11orpheus_dsp7effects6reverbNtB5_9CombState5reset
FN:134,_RNvMs0_NtNtCsjMxiqbwISkm_11orpheus_dsp7effects6reverbNtB5_9CombState7process
FN:128,_RNvMs0_NtNtCsjMxiqbwISkm_11orpheus_dsp7effects6reverbNtB5_9CombState9sync_spec
FN:160,_RNvMs1_NtNtCsjMxiqbwISkm_11orpheus_dsp7effects6reverbNtB5_12AllpassState3new
FN:180,_RNvMs1_NtNtCsjMxiqbwISkm_11orpheus_dsp7effects6reverbNtB5_12AllpassState5reset
FN:169,_RNvMs1_NtNtCsjMxiqbwISkm_11orpheus_dsp7effects6reverbNtB5_12AllpassState7process
FN:67,_RNvMs_NtNtCsjMxiqbwISkm_11orpheus_dsp7effects6reverbNtB4_18ReverbChannelState3new
FN:98,_RNvMs_NtNtCsjMxiqbwISkm_11orpheus_dsp7effects6reverbNtB4_18ReverbChannelState5reset
FN:87,_RNvMs_NtNtCsjMxiqbwISkm_11orpheus_dsp7effects6reverbNtB4_18ReverbChannelState7process
FN:80,_RNvMs_NtNtCsjMxiqbwISkm_11orpheus_dsp7effects6reverbNtB4_18ReverbChannelState9sync_spec
FN:187,_RNvNtNtCsjMxiqbwISkm_11orpheus_dsp7effects6reverb15reverb_feedback
FN:71,_RNCNvMs_NtNtCshuf9YsoCNv4_11orpheus_dsp7effects6reverbNtB6_18ReverbChannelState3new0Ba_
FN:75,_RNCNvMs_NtNtCshuf9YsoCNv4_11orpheus_dsp7effects6reverbNtB6_18ReverbChannelState3news_0Ba_
FN:91,_RNCNvMs_NtNtCshuf9YsoCNv4_11orpheus_dsp7effects6reverbNtB6_18ReverbChannelState7process0Ba_
FN:47,_RNvMNtNtCshuf9YsoCNv4_11orpheus_dsp7effects6reverbNtB2_11ReverbState13process_frame
FN:19,_RNvMNtNtCshuf9YsoCNv4_11orpheus_dsp7effects6reverbNtB2_11ReverbState3new
FN:54,_RNvMNtNtCshuf9YsoCNv4_11orpheus_dsp7effects6reverbNtB2_11ReverbState5reset
FN:39,_RNvMNtNtCshuf9YsoCNv4_11orpheus_dsp7effects6reverbNtB2_11ReverbState9sync_spec
FN:118,_RNvMs0_NtNtCshuf9YsoCNv4_11orpheus_dsp7effects6reverbNtB5_9CombState3new
FN:145,_RNvMs0_NtNtCshuf9YsoCNv4_11orpheus_dsp7effects6reverbNtB5_9CombState5reset
FN:134,_RNvMs0_NtNtCshuf9YsoCNv4_11orpheus_dsp7effects6reverbNtB5_9CombState7process
FN:128,_RNvMs0_NtNtCshuf9YsoCNv4_11orpheus_dsp7effects6reverbNtB5_9CombState9sync_spec
FN:160,_RNvMs1_NtNtCshuf9YsoCNv4_11orpheus_dsp7effects6reverbNtB5_12AllpassState3new
FN:180,_RNvMs1_NtNtCshuf9YsoCNv4_11orpheus_dsp7effects6reverbNtB5_12AllpassState5reset
FN:169,_RNvMs1_NtNtCshuf9YsoCNv4_11orpheus_dsp7effects6reverbNtB5_12AllpassState7process
FN:67,_RNvMs_NtNtCshuf9YsoCNv4_11orpheus_dsp7effects6reverbNtB4_18ReverbChannelState3new
FN:98,_RNvMs_NtNtCshuf9YsoCNv4_11orpheus_dsp7effects6reverbNtB4_18ReverbChannelState5reset
FN:87,_RNvMs_NtNtCshuf9YsoCNv4_11orpheus_dsp7effects6reverbNtB4_18ReverbChannelState7process
FN:80,_RNvMs_NtNtCshuf9YsoCNv4_11orpheus_dsp7effects6reverbNtB4_18ReverbChannelState9sync_spec
FN:187,_RNvNtNtCshuf9YsoCNv4_11orpheus_dsp7effects6reverb15reverb_feedback
FNDA:48,_RNCNvMs_NtNtCsjMxiqbwISkm_11orpheus_dsp7effects6reverbNtB6_18ReverbChannelState3new0Ba_
FNDA:24,_RNCNvMs_NtNtCsjMxiqbwISkm_11orpheus_dsp7effects6reverbNtB6_18ReverbChannelState3news_0Ba_
FNDA:25728,_RNCNvMs_NtNtCsjMxiqbwISkm_11orpheus_dsp7effects6reverbNtB6_18ReverbChannelState7process0Ba_
FNDA:3216,_RNvMNtNtCsjMxiqbwISkm_11orpheus_dsp7effects6reverbNtB2_11ReverbState13process_frame
FNDA:6,_RNvMNtNtCsjMxiqbwISkm_11orpheus_dsp7effects6reverbNtB2_11ReverbState3new
FNDA:0,_RNvMNtNtCsjMxiqbwISkm_11orpheus_dsp7effects6reverbNtB2_11ReverbState5reset
FNDA:14,_RNvMNtNtCsjMxiqbwISkm_11orpheus_dsp7effects6reverbNtB2_11ReverbState9sync_spec
FNDA:48,_RNvMs0_NtNtCsjMxiqbwISkm_11orpheus_dsp7effects6reverbNtB5_9CombState3new
FNDA:0,_RNvMs0_NtNtCsjMxiqbwISkm_11orpheus_dsp7effects6reverbNtB5_9CombState5reset
FNDA:25728,_RNvMs0_NtNtCsjMxiqbwISkm_11orpheus_dsp7effects6reverbNtB5_9CombState7process
FNDA:112,_RNvMs0_NtNtCsjMxiqbwISkm_11orpheus_dsp7effects6reverbNtB5_9CombState9sync_spec
FNDA:24,_RNvMs1_NtNtCsjMxiqbwISkm_11orpheus_dsp7effects6reverbNtB5_12AllpassState3new
FNDA:0,_RNvMs1_NtNtCsjMxiqbwISkm_11orpheus_dsp7effects6reverbNtB5_12AllpassState5reset
FNDA:12864,_RNvMs1_NtNtCsjMxiqbwISkm_11orpheus_dsp7effects6reverbNtB5_12AllpassState7process
FNDA:12,_RNvMs_NtNtCsjMxiqbwISkm_11orpheus_dsp7effects6reverbNtB4_18ReverbChannelState3new
FNDA:0,_RNvMs_NtNtCsjMxiqbwISkm_11orpheus_dsp7effects6reverbNtB4_18ReverbChannelState5reset
FNDA:6432,_RNvMs_NtNtCsjMxiqbwISkm_11orpheus_dsp7effects6reverbNtB4_18ReverbChannelState7process
FNDA:28,_RNvMs_NtNtCsjMxiqbwISkm_11orpheus_dsp7effects6reverbNtB4_18ReverbChannelState9sync_spec
FNDA:20,_RNvNtNtCsjMxiqbwISkm_11orpheus_dsp7effects6reverb15reverb_feedback
FNDA:0,_RNCNvMs_NtNtCshuf9YsoCNv4_11orpheus_dsp7effects6reverbNtB6_18ReverbChannelState3new0Ba_
FNDA:0,_RNCNvMs_NtNtCshuf9YsoCNv4_11orpheus_dsp7effects6reverbNtB6_18ReverbChannelState3news_0Ba_
FNDA:0,_RNCNvMs_NtNtCshuf9YsoCNv4_11orpheus_dsp7effects6reverbNtB6_18ReverbChannelState7process0Ba_
FNDA:0,_RNvMNtNtCshuf9YsoCNv4_11orpheus_dsp7effects6reverbNtB2_11ReverbState13process_frame
FNDA:0,_RNvMNtNtCshuf9YsoCNv4_11orpheus_dsp7effects6reverbNtB2_11ReverbState3new
FNDA:0,_RNvMNtNtCshuf9YsoCNv4_11orpheus_dsp7effects6reverbNtB2_11ReverbState5reset
FNDA:0,_RNvMNtNtCshuf9YsoCNv4_11orpheus_dsp7effects6reverbNtB2_11ReverbState9sync_spec
FNDA:0,_RNvMs0_NtNtCshuf9YsoCNv4_11orpheus_dsp7effects6reverbNtB5_9CombState3new
FNDA:0,_RNvMs0_NtNtCshuf9YsoCNv4_11orpheus_dsp7effects6reverbNtB5_9CombState5reset
FNDA:0,_RNvMs0_NtNtCshuf9YsoCNv4_11orpheus_dsp7effects6reverbNtB5_9CombState7process
FNDA:0,_RNvMs0_NtNtCshuf9YsoCNv4_11orpheus_dsp7effects6reverbNtB5_9CombState9sync_spec
FNDA:0,_RNvMs1_NtNtCshuf9YsoCNv4_11orpheus_dsp7effects6reverbNtB5_12AllpassState3new
FNDA:0,_RNvMs1_NtNtCshuf9YsoCNv4_11orpheus_dsp7effects6reverbNtB5_12AllpassState5reset
FNDA:0,_RNvMs1_NtNtCshuf9YsoCNv4_11orpheus_dsp7effects6reverbNtB5_12AllpassState7process
FNDA:0,_RNvMs_NtNtCshuf9YsoCNv4_11orpheus_dsp7effects6reverbNtB4_18ReverbChannelState3new
FNDA:0,_RNvMs_NtNtCshuf9YsoCNv4_11orpheus_dsp7effects6reverbNtB4_18ReverbChannelState5reset
FNDA:0,_RNvMs_NtNtCshuf9YsoCNv4_11orpheus_dsp7effects6reverbNtB4_18ReverbChannelState7process
FNDA:0,_RNvMs_NtNtCshuf9YsoCNv4_11orpheus_dsp7effects6reverbNtB4_18ReverbChannelState9sync_spec
FNDA:0,_RNvNtNtCshuf9YsoCNv4_11orpheus_dsp7effects6reverb15reverb_feedback
FNF:19
FNH:15
DA:19,6
DA:20,6
DA:21,6
DA:22,6
DA:23,6
DA:24,6
DA:25,6
DA:26,6
DA:27,6
DA:28,6
DA:29,6
DA:30,6
DA:31,6
DA:32,6
DA:33,6
DA:34,6
DA:35,6
DA:36,6
DA:37,6
DA:39,14
DA:40,14
DA:41,14
DA:42,14
DA:43,14
DA:44,14
DA:47,3216
DA:48,3216
DA:49,3216
DA:50,3216
DA:51,3216
DA:52,3216
DA:54,0
DA:55,0
DA:56,0
DA:57,0
DA:67,12
DA:69,12
DA:70,12
DA:71,48
DA:72,12
DA:73,12
DA:74,12
DA:75,24
DA:76,12
DA:78,12
DA:80,28
DA:81,112
DA:82,112
DA:83,112
DA:84,28
DA:87,6432
DA:88,6432
DA:89,6432
DA:90,6432
DA:91,25728
DA:92,12864
DA:93,12864
DA:94,12864
DA:95,6432
DA:96,6432
DA:98,0
DA:99,0
DA:100,0
DA:101,0
DA:102,0
DA:103,0
DA:104,0
DA:105,0
DA:118,48
DA:119,48
DA:120,48
DA:121,48
DA:122,48
DA:123,48
DA:124,48
DA:125,48
DA:126,48
DA:128,112
DA:129,112
DA:130,112
DA:131,112
DA:134,25728
DA:135,25728
DA:136,25728
DA:137,25728
DA:138,25728
DA:139,25728
DA:140,92
DA:141,25636
DA:142,25728
DA:143,25728
DA:145,0
DA:146,0
DA:147,0
DA:148,0
DA:149,0
DA:160,24
DA:161,24
DA:162,24
DA:163,24
DA:164,24
DA:165,24
DA:166,24
DA:169,12864
DA:170,12864
DA:171,12864
DA:172,12864
DA:173,12864
DA:174,12864
DA:175,491
DA:176,12373
DA:177,12864
DA:178,12864
DA:180,0
DA:181,0
DA:182,0
DA:183,0
DA:187,20
DA:188,20
DA:189,20
BRF:0
BRH:0
LF:123
LH:102
end_of_record
SF:/app/crates/orpheus-dsp/src/engine.rs
FN:67,_RNvMNtCsjMxiqbwISkm_11orpheus_dsp6engineNtB2_17TransportSnapshot10is_playing
FN:47,_RNvMNtCsjMxiqbwISkm_11orpheus_dsp6engineNtB2_17TransportSnapshot13current_frame
FN:42,_RNvMNtCsjMxiqbwISkm_11orpheus_dsp6engineNtB2_17TransportSnapshot13publish_epoch
FN:57,_RNvMNtCsjMxiqbwISkm_11orpheus_dsp6engineNtB2_17TransportSnapshot16frames_per_cycle
FN:72,_RNvMNtCsjMxiqbwISkm_11orpheus_dsp6engineNtB2_17TransportSnapshot19has_pending_pattern
FN:77,_RNvMNtCsjMxiqbwISkm_11orpheus_dsp6engineNtB2_17TransportSnapshot19has_pending_routing
FN:52,_RNvMNtCsjMxiqbwISkm_11orpheus_dsp6engineNtB2_17TransportSnapshot25current_cycle_start_frame
FN:62,_RNvMNtCsjMxiqbwISkm_11orpheus_dsp6engineNtB2_17TransportSnapshot9tempo_bpm
FN:281,_RNvMs0_NtCsjMxiqbwISkm_11orpheus_dsp6engineNtB5_10EngineCore11begin_cycle
FN:231,_RNvMs0_NtCsjMxiqbwISkm_11orpheus_dsp6engineNtB5_10EngineCore13apply_command
FN:391,_RNvMs0_NtCsjMxiqbwISkm_11orpheus_dsp6engineNtB5_10EngineCore14play_transport
FN:408,_RNvMs0_NtCsjMxiqbwISkm_11orpheus_dsp6engineNtB5_10EngineCore14stop_transport
FN:364,_RNvMs0_NtCsjMxiqbwISkm_11orpheus_dsp6engineNtB5_10EngineCore16activate_trigger
FN:491,_RNvMs0_NtCsjMxiqbwISkm_11orpheus_dsp6engineNtB5_10EngineCore17mix_routed_voices
FN:430,_RNvMs0_NtCsjMxiqbwISkm_11orpheus_dsp6engineNtB5_10EngineCore18resize_mix_buffers
FN:359,_RNvMs0_NtCsjMxiqbwISkm_11orpheus_dsp6engineNtB5_10EngineCore21frames_until_boundary
FN:437,_RNvMs0_NtCsjMxiqbwISkm_11orpheus_dsp6engineNtB5_10EngineCore22adopt_routing_snapshot
FN:471,_RNvMs0_NtCsjMxiqbwISkm_11orpheus_dsp6engineNtB5_10EngineCore22sync_bus_effect_timing
FN:318,_RNvMs0_NtCsjMxiqbwISkm_11orpheus_dsp6engineNtB5_10EngineCore23render_into_interleaved
FN:485,_RNvMs0_NtCsjMxiqbwISkm_11orpheus_dsp6engineNtB5_10EngineCore23reset_bus_effect_states
FN:197,_RNvMs0_NtCsjMxiqbwISkm_11orpheus_dsp6engineNtB5_10EngineCore3new
FN:661,_RNvMs1_NtCsjMxiqbwISkm_11orpheus_dsp6engineNtB5_12RenderEngine14drain_commands
FN:668,_RNvMs1_NtCsjMxiqbwISkm_11orpheus_dsp6engineNtB5_12RenderEngine17publish_transport
FN:623,_RNvMs1_NtCsjMxiqbwISkm_11orpheus_dsp6engineNtB5_12RenderEngine17render_test_block
FN:613,_RNvMs1_NtCsjMxiqbwISkm_11orpheus_dsp6engineNtB5_12RenderEngine21schedule_test_trigger
FN:588,_RNvMs1_NtCsjMxiqbwISkm_11orpheus_dsp6engineNtB5_12RenderEngine23render_into_interleaved
FN:657,_RNvMs1_NtCsjMxiqbwISkm_11orpheus_dsp6engineNtB5_12RenderEngine25frames_per_cycle_for_test
FN:640,_RNvMs1_NtCsjMxiqbwISkm_11orpheus_dsp6engineNtB5_12RenderEngine27active_track_names_for_test
FN:634,_RNvMs1_NtCsjMxiqbwISkm_11orpheus_dsp6engineNtB5_12RenderEngine28active_pattern_name_for_test
FN:600,_RNvMs1_NtCsjMxiqbwISkm_11orpheus_dsp6engineNtB5_12RenderEngine28swap_applied_before_boundary
FN:651,_RNvMs1_NtCsjMxiqbwISkm_11orpheus_dsp6engineNtB5_12RenderEngine30frames_until_boundary_for_test
FN:568,_RNvMs1_NtCsjMxiqbwISkm_11orpheus_dsp6engineNtB5_12RenderEngine3new
FN:757,_RNvMs4_NtCsjMxiqbwISkm_11orpheus_dsp6engineNtB5_12EngineHandle14split_for_test
FN:803,_RNvMs4_NtCsjMxiqbwISkm_11orpheus_dsp6engineNtB5_12EngineHandle17render_test_block
FN:854,_RNvMs4_NtCsjMxiqbwISkm_11orpheus_dsp6engineNtB5_12EngineHandle17test_renderer_mut
FN:860,_RNvMs4_NtCsjMxiqbwISkm_11orpheus_dsp6engineNtB5_12EngineHandle17test_renderer_ref
FN:724,_RNvMs4_NtCsjMxiqbwISkm_11orpheus_dsp6engineNtB5_12EngineHandle18from_stream_config
FN:850,_RNvMs4_NtCsjMxiqbwISkm_11orpheus_dsp6engineNtB5_12EngineHandle18transport_snapshot
FN:793,_RNvMs4_NtCsjMxiqbwISkm_11orpheus_dsp6engineNtB5_12EngineHandle21schedule_test_trigger
FN:735,_RNvMs4_NtCsjMxiqbwISkm_11orpheus_dsp6engineNtB5_12EngineHandle23split_for_stream_config
FN:844,_RNvMs4_NtCsjMxiqbwISkm_11orpheus_dsp6engineNtB5_12EngineHandle25frames_per_cycle_for_test
FN:823,_RNvMs4_NtCsjMxiqbwISkm_11orpheus_dsp6engineNtB5_12EngineHandle27active_track_names_for_test
FN:813,_RNvMs4_NtCsjMxiqbwISkm_11orpheus_dsp6engineNtB5_12EngineHandle28active_pattern_name_for_test
FN:782,_RNvMs4_NtCsjMxiqbwISkm_11orpheus_dsp6engineNtB5_12EngineHandle28swap_applied_before_boundary
FN:834,_RNvMs4_NtCsjMxiqbwISkm_11orpheus_dsp6engineNtB5_12EngineHandle30frames_until_boundary_for_test
FN:713,_RNvMs4_NtCsjMxiqbwISkm_11orpheus_dsp6engineNtB5_12EngineHandle4stub
FN:769,_RNvMs4_NtCsjMxiqbwISkm_11orpheus_dsp6engineNtB5_12EngineHandle7enqueue
FN:95,_RNvMs_NtCsjMxiqbwISkm_11orpheus_dsp6engineNtB4_15SharedTransport7publish
FN:120,_RNvMs_NtCsjMxiqbwISkm_11orpheus_dsp6engineNtB4_15SharedTransport8snapshot
FN:897,_RNvNtCsjMxiqbwISkm_11orpheus_dsp6engine16frames_per_cycle
FN:867,_RNvNtCsjMxiqbwISkm_11orpheus_dsp6engine21default_stream_config
FN:948,_RNvNtCsjMxiqbwISkm_11orpheus_dsp6engine22bus_effect_specs_match
FN:941,_RNvNtCsjMxiqbwISkm_11orpheus_dsp6engine26routing_snapshot_has_audio
FN:923,_RNvNtCsjMxiqbwISkm_11orpheus_dsp6engine29default_main_routing_snapshot
FN:930,_RNvNtCsjMxiqbwISkm_11orpheus_dsp6engine30compatibility_routing_snapshot
FN:682,_RNvXs2_NtCsjMxiqbwISkm_11orpheus_dsp6engineNtB5_12EngineHandleNtNtCs4kUJL3MZFFz_4core3cmp9PartialEq2eq
FN:378,_RNCNCNvMs0_NtCsjMxiqbwISkm_11orpheus_dsp6engineNtB9_10EngineCore16activate_triggers0_00Bb_
FN:307,_RNCNvMs0_NtCsjMxiqbwISkm_11orpheus_dsp6engineNtB7_10EngineCore11begin_cycle0B9_
FN:398,_RNCNvMs0_NtCsjMxiqbwISkm_11orpheus_dsp6engineNtB7_10EngineCore14play_transport0B9_
FN:411,_RNCNvMs0_NtCsjMxiqbwISkm_11orpheus_dsp6engineNtB7_10EngineCore14stop_transport0B9_
FN:365,_RNCNvMs0_NtCsjMxiqbwISkm_11orpheus_dsp6engineNtB7_10EngineCore16activate_trigger0B9_
FN:377,_RNCNvMs0_NtCsjMxiqbwISkm_11orpheus_dsp6engineNtB7_10EngineCore16activate_triggers0_0B9_
FN:369,_RNCNvMs0_NtCsjMxiqbwISkm_11orpheus_dsp6engineNtB7_10EngineCore16activate_triggers_0B9_
FN:499,_RNCNvMs0_NtCsjMxiqbwISkm_11orpheus_dsp6engineNtB7_10EngineCore17mix_routed_voices0B9_
FN:530,_RNCNvMs0_NtCsjMxiqbwISkm_11orpheus_dsp6engineNtB7_10EngineCore17mix_routed_voicess0_0B9_
FN:543,_RNCNvMs0_NtCsjMxiqbwISkm_11orpheus_dsp6engineNtB7_10EngineCore17mix_routed_voicess1_0B9_
FN:514,_RNCNvMs0_NtCsjMxiqbwISkm_11orpheus_dsp6engineNtB7_10EngineCore17mix_routed_voicess_0B9_
FN:448,_RNCNvMs0_NtCsjMxiqbwISkm_11orpheus_dsp6engineNtB7_10EngineCore22adopt_routing_snapshot0B9_
FN:452,_RNCNvMs0_NtCsjMxiqbwISkm_11orpheus_dsp6engineNtB7_10EngineCore22adopt_routing_snapshots_0B9_
FN:625,_RNCNvMs1_NtCsjMxiqbwISkm_11orpheus_dsp6engineNtB7_12RenderEngine17render_test_block0B9_
FN:628,_RNCNvMs1_NtCsjMxiqbwISkm_11orpheus_dsp6engineNtB7_12RenderEngine17render_test_blocks_0B9_
FN:605,_RNCNvMs1_NtCsjMxiqbwISkm_11orpheus_dsp6engineNtB7_12RenderEngine28swap_applied_before_boundary0B9_
FN:760,_RNCNvMs4_NtCsjMxiqbwISkm_11orpheus_dsp6engineNtB7_12EngineHandle14split_for_test0B9_
FN:857,_RNCNvMs4_NtCsjMxiqbwISkm_11orpheus_dsp6engineNtB7_12EngineHandle17test_renderer_mut0B9_
FN:863,_RNCNvMs4_NtCsjMxiqbwISkm_11orpheus_dsp6engineNtB7_12EngineHandle17test_renderer_ref0B9_
FN:785,_RNCNvMs4_NtCsjMxiqbwISkm_11orpheus_dsp6engineNtB7_12EngineHandle28swap_applied_before_boundary0B9_
FN:716,_RNCNvMs4_NtCsjMxiqbwISkm_11orpheus_dsp6engineNtB7_12EngineHandle4stub0B9_
FN:945,_RNCNvNtCsjMxiqbwISkm_11orpheus_dsp6engine26routing_snapshot_has_audio0B5_
FN:927,_RNCNvNtCsjMxiqbwISkm_11orpheus_dsp6engine29default_main_routing_snapshot0B5_
FN:938,_RNCNvNtCsjMxiqbwISkm_11orpheus_dsp6engine30compatibility_routing_snapshot0B5_
FN:378,_RNCNCNvMs0_NtCshuf9YsoCNv4_11orpheus_dsp6engineNtB9_10EngineCore16activate_triggers0_00Bb_
FN:307,_RNCNvMs0_NtCshuf9YsoCNv4_11orpheus_dsp6engineNtB7_10EngineCore11begin_cycle0B9_
FN:398,_RNCNvMs0_NtCshuf9YsoCNv4_11orpheus_dsp6engineNtB7_10EngineCore14play_transport0B9_
FN:411,_RNCNvMs0_NtCshuf9YsoCNv4_11orpheus_dsp6engineNtB7_10EngineCore14stop_transport0B9_
FN:365,_RNCNvMs0_NtCshuf9YsoCNv4_11orpheus_dsp6engineNtB7_10EngineCore16activate_trigger0B9_
FN:377,_RNCNvMs0_NtCshuf9YsoCNv4_11orpheus_dsp6engineNtB7_10EngineCore16activate_triggers0_0B9_
FN:369,_RNCNvMs0_NtCshuf9YsoCNv4_11orpheus_dsp6engineNtB7_10EngineCore16activate_triggers_0B9_
FN:499,_RNCNvMs0_NtCshuf9YsoCNv4_11orpheus_dsp6engineNtB7_10EngineCore17mix_routed_voices0B9_
FN:530,_RNCNvMs0_NtCshuf9YsoCNv4_11orpheus_dsp6engineNtB7_10EngineCore17mix_routed_voicess0_0B9_
FN:543,_RNCNvMs0_NtCshuf9YsoCNv4_11orpheus_dsp6engineNtB7_10EngineCore17mix_routed_voicess1_0B9_
FN:514,_RNCNvMs0_NtCshuf9YsoCNv4_11orpheus_dsp6engineNtB7_10EngineCore17mix_routed_voicess_0B9_
FN:448,_RNCNvMs0_NtCshuf9YsoCNv4_11orpheus_dsp6engineNtB7_10EngineCore22adopt_routing_snapshot0B9_
FN:452,_RNCNvMs0_NtCshuf9YsoCNv4_11orpheus_dsp6engineNtB7_10EngineCore22adopt_routing_snapshots_0B9_
FN:625,_RNCNvMs1_NtCshuf9YsoCNv4_11orpheus_dsp6engineNtB7_12RenderEngine17render_test_block0B9_
FN:628,_RNCNvMs1_NtCshuf9YsoCNv4_11orpheus_dsp6engineNtB7_12RenderEngine17render_test_blocks_0B9_
FN:605,_RNCNvMs1_NtCshuf9YsoCNv4_11orpheus_dsp6engineNtB7_12RenderEngine28swap_applied_before_boundary0B9_
FN:760,_RNCNvMs4_NtCshuf9YsoCNv4_11orpheus_dsp6engineNtB7_12EngineHandle14split_for_test0B9_
FN:857,_RNCNvMs4_NtCshuf9YsoCNv4_11orpheus_dsp6engineNtB7_12EngineHandle17test_renderer_mut0B9_
FN:863,_RNCNvMs4_NtCshuf9YsoCNv4_11orpheus_dsp6engineNtB7_12EngineHandle17test_renderer_ref0B9_
FN:785,_RNCNvMs4_NtCshuf9YsoCNv4_11orpheus_dsp6engineNtB7_12EngineHandle28swap_applied_before_boundary0B9_
FN:716,_RNCNvMs4_NtCshuf9YsoCNv4_11orpheus_dsp6engineNtB7_12EngineHandle4stub0B9_
FN:945,_RNCNvNtCshuf9YsoCNv4_11orpheus_dsp6engine26routing_snapshot_has_audio0B5_
FN:927,_RNCNvNtCshuf9YsoCNv4_11orpheus_dsp6engine29default_main_routing_snapshot0B5_
FN:938,_RNCNvNtCshuf9YsoCNv4_11orpheus_dsp6engine30compatibility_routing_snapshot0B5_
FN:67,_RNvMNtCshuf9YsoCNv4_11orpheus_dsp6engineNtB2_17TransportSnapshot10is_playing
FN:47,_RNvMNtCshuf9YsoCNv4_11orpheus_dsp6engineNtB2_17TransportSnapshot13current_frame
FN:42,_RNvMNtCshuf9YsoCNv4_11orpheus_dsp6engineNtB2_17TransportSnapshot13publish_epoch
FN:57,_RNvMNtCshuf9YsoCNv4_11orpheus_dsp6engineNtB2_17TransportSnapshot16frames_per_cycle
FN:72,_RNvMNtCshuf9YsoCNv4_11orpheus_dsp6engineNtB2_17TransportSnapshot19has_pending_pattern
FN:77,_RNvMNtCshuf9YsoCNv4_11orpheus_dsp6engineNtB2_17TransportSnapshot19has_pending_routing
FN:52,_RNvMNtCshuf9YsoCNv4_11orpheus_dsp6engineNtB2_17TransportSnapshot25current_cycle_start_frame
FN:62,_RNvMNtCshuf9YsoCNv4_11orpheus_dsp6engineNtB2_17TransportSnapshot9tempo_bpm
FN:281,_RNvMs0_NtCshuf9YsoCNv4_11orpheus_dsp6engineNtB5_10EngineCore11begin_cycle
FN:231,_RNvMs0_NtCshuf9YsoCNv4_11orpheus_dsp6engineNtB5_10EngineCore13apply_command
FN:391,_RNvMs0_NtCshuf9YsoCNv4_11orpheus_dsp6engineNtB5_10EngineCore14play_transport
FN:408,_RNvMs0_NtCshuf9YsoCNv4_11orpheus_dsp6engineNtB5_10EngineCore14stop_transport
FN:364,_RNvMs0_NtCshuf9YsoCNv4_11orpheus_dsp6engineNtB5_10EngineCore16activate_trigger
FN:491,_RNvMs0_NtCshuf9YsoCNv4_11orpheus_dsp6engineNtB5_10EngineCore17mix_routed_voices
FN:430,_RNvMs0_NtCshuf9YsoCNv4_11orpheus_dsp6engineNtB5_10EngineCore18resize_mix_buffers
FN:359,_RNvMs0_NtCshuf9YsoCNv4_11orpheus_dsp6engineNtB5_10EngineCore21frames_until_boundary
FN:437,_RNvMs0_NtCshuf9YsoCNv4_11orpheus_dsp6engineNtB5_10EngineCore22adopt_routing_snapshot
FN:471,_RNvMs0_NtCshuf9YsoCNv4_11orpheus_dsp6engineNtB5_10EngineCore22sync_bus_effect_timing
FN:318,_RNvMs0_NtCshuf9YsoCNv4_11orpheus_dsp6engineNtB5_10EngineCore23render_into_interleaved
FN:485,_RNvMs0_NtCshuf9YsoCNv4_11orpheus_dsp6engineNtB5_10EngineCore23reset_bus_effect_states
FN:197,_RNvMs0_NtCshuf9YsoCNv4_11orpheus_dsp6engineNtB5_10EngineCore3new
FN:661,_RNvMs1_NtCshuf9YsoCNv4_11orpheus_dsp6engineNtB5_12RenderEngine14drain_commands
FN:668,_RNvMs1_NtCshuf9YsoCNv4_11orpheus_dsp6engineNtB5_12RenderEngine17publish_transport
FN:623,_RNvMs1_NtCshuf9YsoCNv4_11orpheus_dsp6engineNtB5_12RenderEngine17render_test_block
FN:613,_RNvMs1_NtCshuf9YsoCNv4_11orpheus_dsp6engineNtB5_12RenderEngine21schedule_test_trigger
FN:588,_RNvMs1_NtCshuf9YsoCNv4_11orpheus_dsp6engineNtB5_12RenderEngine23render_into_interleaved
FN:657,_RNvMs1_NtCshuf9YsoCNv4_11orpheus_dsp6engineNtB5_12RenderEngine25frames_per_cycle_for_test
FN:640,_RNvMs1_NtCshuf9YsoCNv4_11orpheus_dsp6engineNtB5_12RenderEngine27active_track_names_for_test
FN:634,_RNvMs1_NtCshuf9YsoCNv4_11orpheus_dsp6engineNtB5_12RenderEngine28active_pattern_name_for_test
FN:600,_RNvMs1_NtCshuf9YsoCNv4_11orpheus_dsp6engineNtB5_12RenderEngine28swap_applied_before_boundary
FN:651,_RNvMs1_NtCshuf9YsoCNv4_11orpheus_dsp6engineNtB5_12RenderEngine30frames_until_boundary_for_test
FN:568,_RNvMs1_NtCshuf9YsoCNv4_11orpheus_dsp6engineNtB5_12RenderEngine3new
FN:757,_RNvMs4_NtCshuf9YsoCNv4_11orpheus_dsp6engineNtB5_12EngineHandle14split_for_test
FN:803,_RNvMs4_NtCshuf9YsoCNv4_11orpheus_dsp6engineNtB5_12EngineHandle17render_test_block
FN:854,_RNvMs4_NtCshuf9YsoCNv4_11orpheus_dsp6engineNtB5_12EngineHandle17test_renderer_mut
FN:860,_RNvMs4_NtCshuf9YsoCNv4_11orpheus_dsp6engineNtB5_12EngineHandle17test_renderer_ref
FN:724,_RNvMs4_NtCshuf9YsoCNv4_11orpheus_dsp6engineNtB5_12EngineHandle18from_stream_config
FN:850,_RNvMs4_NtCshuf9YsoCNv4_11orpheus_dsp6engineNtB5_12EngineHandle18transport_snapshot
FN:793,_RNvMs4_NtCshuf9YsoCNv4_11orpheus_dsp6engineNtB5_12EngineHandle21schedule_test_trigger
FN:735,_RNvMs4_NtCshuf9YsoCNv4_11orpheus_dsp6engineNtB5_12EngineHandle23split_for_stream_config
FN:844,_RNvMs4_NtCshuf9YsoCNv4_11orpheus_dsp6engineNtB5_12EngineHandle25frames_per_cycle_for_test
FN:823,_RNvMs4_NtCshuf9YsoCNv4_11orpheus_dsp6engineNtB5_12EngineHandle27active_track_names_for_test
FN:813,_RNvMs4_NtCshuf9YsoCNv4_11orpheus_dsp6engineNtB5_12EngineHandle28active_pattern_name_for_test
FN:782,_RNvMs4_NtCshuf9YsoCNv4_11orpheus_dsp6engineNtB5_12EngineHandle28swap_applied_before_boundary
FN:834,_RNvMs4_NtCshuf9YsoCNv4_11orpheus_dsp6engineNtB5_12EngineHandle30frames_until_boundary_for_test
FN:713,_RNvMs4_NtCshuf9YsoCNv4_11orpheus_dsp6engineNtB5_12EngineHandle4stub
FN:769,_RNvMs4_NtCshuf9YsoCNv4_11orpheus_dsp6engineNtB5_12EngineHandle7enqueue
FN:95,_RNvMs_NtCshuf9YsoCNv4_11orpheus_dsp6engineNtB4_15SharedTransport7publish
FN:120,_RNvMs_NtCshuf9YsoCNv4_11orpheus_dsp6engineNtB4_15SharedTransport8snapshot
FN:897,_RNvNtCshuf9YsoCNv4_11orpheus_dsp6engine16frames_per_cycle
FN:867,_RNvNtCshuf9YsoCNv4_11orpheus_dsp6engine21default_stream_config
FN:948,_RNvNtCshuf9YsoCNv4_11orpheus_dsp6engine22bus_effect_specs_match
FN:941,_RNvNtCshuf9YsoCNv4_11orpheus_dsp6engine26routing_snapshot_has_audio
FN:923,_RNvNtCshuf9YsoCNv4_11orpheus_dsp6engine29default_main_routing_snapshot
FN:930,_RNvNtCshuf9YsoCNv4_11orpheus_dsp6engine30compatibility_routing_snapshot
FN:682,_RNvXs2_NtCshuf9YsoCNv4_11orpheus_dsp6engineNtB5_12EngineHandleNtNtCs4kUJL3MZFFz_4core3cmp9PartialEq2eq
FNDA:150,_RNvMNtCsjMxiqbwISkm_11orpheus_dsp6engineNtB2_17TransportSnapshot10is_playing
FNDA:137,_RNvMNtCsjMxiqbwISkm_11orpheus_dsp6engineNtB2_17TransportSnapshot13current_frame
FNDA:98,_RNvMNtCsjMxiqbwISkm_11orpheus_dsp6engineNtB2_17TransportSnapshot13publish_epoch
FNDA:39,_RNvMNtCsjMxiqbwISkm_11orpheus_dsp6engineNtB2_17TransportSnapshot16frames_per_cycle
FNDA:99,_RNvMNtCsjMxiqbwISkm_11orpheus_dsp6engineNtB2_17TransportSnapshot19has_pending_pattern
FNDA:43,_RNvMNtCsjMxiqbwISkm_11orpheus_dsp6engineNtB2_17TransportSnapshot19has_pending_routing
FNDA:67,_RNvMNtCsjMxiqbwISkm_11orpheus_dsp6engineNtB2_17TransportSnapshot25current_cycle_start_frame
FNDA:68,_RNvMNtCsjMxiqbwISkm_11orpheus_dsp6engineNtB2_17TransportSnapshot9tempo_bpm
FNDA:83,_RNvMs0_NtCsjMxiqbwISkm_11orpheus_dsp6engineNtB5_10EngineCore11begin_cycle
FNDA:145,_RNvMs0_NtCsjMxiqbwISkm_11orpheus_dsp6engineNtB5_10EngineCore13apply_command
FNDA:3,_RNvMs0_NtCsjMxiqbwISkm_11orpheus_dsp6engineNtB5_10EngineCore14play_transport
FNDA:7,_RNvMs0_NtCsjMxiqbwISkm_11orpheus_dsp6engineNtB5_10EngineCore14stop_transport
FNDA:81,_RNvMs0_NtCsjMxiqbwISkm_11orpheus_dsp6engineNtB5_10EngineCore16activate_trigger
FNDA:2530482,_RNvMs0_NtCsjMxiqbwISkm_11orpheus_dsp6engineNtB5_10EngineCore17mix_routed_voices
FNDA:68,_RNvMs0_NtCsjMxiqbwISkm_11orpheus_dsp6engineNtB5_10EngineCore18resize_mix_buffers
FNDA:40,_RNvMs0_NtCsjMxiqbwISkm_11orpheus_dsp6engineNtB5_10EngineCore21frames_until_boundary
FNDA:68,_RNvMs0_NtCsjMxiqbwISkm_11orpheus_dsp6engineNtB5_10EngineCore22adopt_routing_snapshot
FNDA:83,_RNvMs0_NtCsjMxiqbwISkm_11orpheus_dsp6engineNtB5_10EngineCore22sync_bus_effect_timing
FNDA:143,_RNvMs0_NtCsjMxiqbwISkm_11orpheus_dsp6engineNtB5_10EngineCore23render_into_interleaved
FNDA:7,_RNvMs0_NtCsjMxiqbwISkm_11orpheus_dsp6engineNtB5_10EngineCore23reset_bus_effect_states
FNDA:154,_RNvMs0_NtCsjMxiqbwISkm_11orpheus_dsp6engineNtB5_10EngineCore3new
FNDA:146,_RNvMs1_NtCsjMxiqbwISkm_11orpheus_dsp6engineNtB5_12RenderEngine14drain_commands
FNDA:297,_RNvMs1_NtCsjMxiqbwISkm_11orpheus_dsp6engineNtB5_12RenderEngine17publish_transport
FNDA:142,_RNvMs1_NtCsjMxiqbwISkm_11orpheus_dsp6engineNtB5_12RenderEngine17render_test_block
FNDA:2,_RNvMs1_NtCsjMxiqbwISkm_11orpheus_dsp6engineNtB5_12RenderEngine21schedule_test_trigger
FNDA:145,_RNvMs1_NtCsjMxiqbwISkm_11orpheus_dsp6engineNtB5_12RenderEngine23render_into_interleaved
FNDA:6,_RNvMs1_NtCsjMxiqbwISkm_11orpheus_dsp6engineNtB5_12RenderEngine25frames_per_cycle_for_test
FNDA:5,_RNvMs1_NtCsjMxiqbwISkm_11orpheus_dsp6engineNtB5_12RenderEngine27active_track_names_for_test
FNDA:8,_RNvMs1_NtCsjMxiqbwISkm_11orpheus_dsp6engineNtB5_12RenderEngine28active_pattern_name_for_test
FNDA:1,_RNvMs1_NtCsjMxiqbwISkm_11orpheus_dsp6engineNtB5_12RenderEngine28swap_applied_before_boundary
FNDA:40,_RNvMs1_NtCsjMxiqbwISkm_11orpheus_dsp6engineNtB5_12RenderEngine30frames_until_boundary_for_test
FNDA:154,_RNvMs1_NtCsjMxiqbwISkm_11orpheus_dsp6engineNtB5_12RenderEngine3new
FNDA:5,_RNvMs4_NtCsjMxiqbwISkm_11orpheus_dsp6engineNtB5_12EngineHandle14split_for_test
FNDA:141,_RNvMs4_NtCsjMxiqbwISkm_11orpheus_dsp6engineNtB5_12EngineHandle17render_test_block
FNDA:144,_RNvMs4_NtCsjMxiqbwISkm_11orpheus_dsp6engineNtB5_12EngineHandle17test_renderer_mut
FNDA:57,_RNvMs4_NtCsjMxiqbwISkm_11orpheus_dsp6engineNtB5_12EngineHandle17test_renderer_ref
FNDA:149,_RNvMs4_NtCsjMxiqbwISkm_11orpheus_dsp6engineNtB5_12EngineHandle18from_stream_config
FNDA:287,_RNvMs4_NtCsjMxiqbwISkm_11orpheus_dsp6engineNtB5_12EngineHandle18transport_snapshot
FNDA:2,_RNvMs4_NtCsjMxiqbwISkm_11orpheus_dsp6engineNtB5_12EngineHandle21schedule_test_trigger
FNDA:154,_RNvMs4_NtCsjMxiqbwISkm_11orpheus_dsp6engineNtB5_12EngineHandle23split_for_stream_config
FNDA:6,_RNvMs4_NtCsjMxiqbwISkm_11orpheus_dsp6engineNtB5_12EngineHandle25frames_per_cycle_for_test
FNDA:5,_RNvMs4_NtCsjMxiqbwISkm_11orpheus_dsp6engineNtB5_12EngineHandle27active_track_names_for_test
FNDA:7,_RNvMs4_NtCsjMxiqbwISkm_11orpheus_dsp6engineNtB5_12EngineHandle28active_pattern_name_for_test
FNDA:1,_RNvMs4_NtCsjMxiqbwISkm_11orpheus_dsp6engineNtB5_12EngineHandle28swap_applied_before_boundary
FNDA:39,_RNvMs4_NtCsjMxiqbwISkm_11orpheus_dsp6engineNtB5_12EngineHandle30frames_until_boundary_for_test
FNDA:149,_RNvMs4_NtCsjMxiqbwISkm_11orpheus_dsp6engineNtB5_12EngineHandle4stub
FNDA:274,_RNvMs4_NtCsjMxiqbwISkm_11orpheus_dsp6engineNtB5_12EngineHandle7enqueue
FNDA:297,_RNvMs_NtCsjMxiqbwISkm_11orpheus_dsp6engineNtB4_15SharedTransport7publish
FNDA:287,_RNvMs_NtCsjMxiqbwISkm_11orpheus_dsp6engineNtB4_15SharedTransport8snapshot
FNDA:189,_RNvNtCsjMxiqbwISkm_11orpheus_dsp6engine16frames_per_cycle
FNDA:154,_RNvNtCsjMxiqbwISkm_11orpheus_dsp6engine21default_stream_config
FNDA:4,_RNvNtCsjMxiqbwISkm_11orpheus_dsp6engine22bus_effect_specs_match
FNDA:10,_RNvNtCsjMxiqbwISkm_11orpheus_dsp6engine26routing_snapshot_has_audio
FNDA:154,_RNvNtCsjMxiqbwISkm_11orpheus_dsp6engine29default_main_routing_snapshot
FNDA:52,_RNvNtCsjMxiqbwISkm_11orpheus_dsp6engine30compatibility_routing_snapshot
FNDA:2,_RNvXs2_NtCsjMxiqbwISkm_11orpheus_dsp6engineNtB5_12EngineHandleNtNtCs4kUJL3MZFFz_4core3cmp9PartialEq2eq
FNDA:5,_RNCNCNvMs0_NtCsjMxiqbwISkm_11orpheus_dsp6engineNtB9_10EngineCore16activate_triggers0_00Bb_
FNDA:115,_RNCNvMs0_NtCsjMxiqbwISkm_11orpheus_dsp6engineNtB7_10EngineCore11begin_cycle0B9_
FNDA:0,_RNCNvMs0_NtCsjMxiqbwISkm_11orpheus_dsp6engineNtB7_10EngineCore14play_transport0B9_
FNDA:0,_RNCNvMs0_NtCsjMxiqbwISkm_11orpheus_dsp6engineNtB7_10EngineCore14stop_transport0B9_
FNDA:82,_RNCNvMs0_NtCsjMxiqbwISkm_11orpheus_dsp6engineNtB7_10EngineCore16activate_trigger0B9_
FNDA:5,_RNCNvMs0_NtCsjMxiqbwISkm_11orpheus_dsp6engineNtB7_10EngineCore16activate_triggers0_0B9_
FNDA:76,_RNCNvMs0_NtCsjMxiqbwISkm_11orpheus_dsp6engineNtB7_10EngineCore16activate_triggers_0B9_
FNDA:0,_RNCNvMs0_NtCsjMxiqbwISkm_11orpheus_dsp6engineNtB7_10EngineCore17mix_routed_voices0B9_
FNDA:0,_RNCNvMs0_NtCsjMxiqbwISkm_11orpheus_dsp6engineNtB7_10EngineCore17mix_routed_voicess0_0B9_
FNDA:0,_RNCNvMs0_NtCsjMxiqbwISkm_11orpheus_dsp6engineNtB7_10EngineCore17mix_routed_voicess1_0B9_
FNDA:0,_RNCNvMs0_NtCsjMxiqbwISkm_11orpheus_dsp6engineNtB7_10EngineCore17mix_routed_voicess_0B9_
FNDA:4,_RNCNvMs0_NtCsjMxiqbwISkm_11orpheus_dsp6engineNtB7_10EngineCore22adopt_routing_snapshot0B9_
FNDA:2,_RNCNvMs0_NtCsjMxiqbwISkm_11orpheus_dsp6engineNtB7_10EngineCore22adopt_routing_snapshots_0B9_
FNDA:0,_RNCNvMs1_NtCsjMxiqbwISkm_11orpheus_dsp6engineNtB7_12RenderEngine17render_test_block0B9_
FNDA:0,_RNCNvMs1_NtCsjMxiqbwISkm_11orpheus_dsp6engineNtB7_12RenderEngine17render_test_blocks_0B9_
FNDA:0,_RNCNvMs1_NtCsjMxiqbwISkm_11orpheus_dsp6engineNtB7_12RenderEngine28swap_applied_before_boundary0B9_
FNDA:0,_RNCNvMs4_NtCsjMxiqbwISkm_11orpheus_dsp6engineNtB7_12EngineHandle14split_for_test0B9_
FNDA:0,_RNCNvMs4_NtCsjMxiqbwISkm_11orpheus_dsp6engineNtB7_12EngineHandle17test_renderer_mut0B9_
FNDA:0,_RNCNvMs4_NtCsjMxiqbwISkm_11orpheus_dsp6engineNtB7_12EngineHandle17test_renderer_ref0B9_
FNDA:0,_RNCNvMs4_NtCsjMxiqbwISkm_11orpheus_dsp6engineNtB7_12EngineHandle28swap_applied_before_boundary0B9_
FNDA:0,_RNCNvMs4_NtCsjMxiqbwISkm_11orpheus_dsp6engineNtB7_12EngineHandle4stub0B9_
FNDA:10,_RNCNvNtCsjMxiqbwISkm_11orpheus_dsp6engine26routing_snapshot_has_audio0B5_
FNDA:0,_RNCNvNtCsjMxiqbwISkm_11orpheus_dsp6engine29default_main_routing_snapshot0B5_
FNDA:0,_RNCNvNtCsjMxiqbwISkm_11orpheus_dsp6engine30compatibility_routing_snapshot0B5_
FNDA:0,_RNCNCNvMs0_NtCshuf9YsoCNv4_11orpheus_dsp6engineNtB9_10EngineCore16activate_triggers0_00Bb_
FNDA:0,_RNCNvMs0_NtCshuf9YsoCNv4_11orpheus_dsp6engineNtB7_10EngineCore11begin_cycle0B9_
FNDA:0,_RNCNvMs0_NtCshuf9YsoCNv4_11orpheus_dsp6engineNtB7_10EngineCore14play_transport0B9_
FNDA:0,_RNCNvMs0_NtCshuf9YsoCNv4_11orpheus_dsp6engineNtB7_10EngineCore14stop_transport0B9_
FNDA:0,_RNCNvMs0_NtCshuf9YsoCNv4_11orpheus_dsp6engineNtB7_10EngineCore16activate_trigger0B9_
FNDA:0,_RNCNvMs0_NtCshuf9YsoCNv4_11orpheus_dsp6engineNtB7_10EngineCore16activate_triggers0_0B9_
FNDA:0,_RNCNvMs0_NtCshuf9YsoCNv4_11orpheus_dsp6engineNtB7_10EngineCore16activate_triggers_0B9_
FNDA:0,_RNCNvMs0_NtCshuf9YsoCNv4_11orpheus_dsp6engineNtB7_10EngineCore17mix_routed_voices0B9_
FNDA:0,_RNCNvMs0_NtCshuf9YsoCNv4_11orpheus_dsp6engineNtB7_10EngineCore17mix_routed_voicess0_0B9_
FNDA:0,_RNCNvMs0_NtCshuf9YsoCNv4_11orpheus_dsp6engineNtB7_10EngineCore17mix_routed_voicess1_0B9_
FNDA:0,_RNCNvMs0_NtCshuf9YsoCNv4_11orpheus_dsp6engineNtB7_10EngineCore17mix_routed_voicess_0B9_
FNDA:0,_RNCNvMs0_NtCshuf9YsoCNv4_11orpheus_dsp6engineNtB7_10EngineCore22adopt_routing_snapshot0B9_
FNDA:0,_RNCNvMs0_NtCshuf9YsoCNv4_11orpheus_dsp6engineNtB7_10EngineCore22adopt_routing_snapshots_0B9_
FNDA:0,_RNCNvMs1_NtCshuf9YsoCNv4_11orpheus_dsp6engineNtB7_12RenderEngine17render_test_block0B9_
FNDA:0,_RNCNvMs1_NtCshuf9YsoCNv4_11orpheus_dsp6engineNtB7_12RenderEngine17render_test_blocks_0B9_
FNDA:0,_RNCNvMs1_NtCshuf9YsoCNv4_11orpheus_dsp6engineNtB7_12RenderEngine28swap_applied_before_boundary0B9_
FNDA:0,_RNCNvMs4_NtCshuf9YsoCNv4_11orpheus_dsp6engineNtB7_12EngineHandle14split_for_test0B9_
FNDA:0,_RNCNvMs4_NtCshuf9YsoCNv4_11orpheus_dsp6engineNtB7_12EngineHandle17test_renderer_mut0B9_
FNDA:0,_RNCNvMs4_NtCshuf9YsoCNv4_11orpheus_dsp6engineNtB7_12EngineHandle17test_renderer_ref0B9_
FNDA:0,_RNCNvMs4_NtCshuf9YsoCNv4_11orpheus_dsp6engineNtB7_12EngineHandle28swap_applied_before_boundary0B9_
FNDA:0,_RNCNvMs4_NtCshuf9YsoCNv4_11orpheus_dsp6engineNtB7_12EngineHandle4stub0B9_
FNDA:0,_RNCNvNtCshuf9YsoCNv4_11orpheus_dsp6engine26routing_snapshot_has_audio0B5_
FNDA:0,_RNCNvNtCshuf9YsoCNv4_11orpheus_dsp6engine29default_main_routing_snapshot0B5_
FNDA:0,_RNCNvNtCshuf9YsoCNv4_11orpheus_dsp6engine30compatibility_routing_snapshot0B5_
FNDA:0,_RNvMNtCshuf9YsoCNv4_11orpheus_dsp6engineNtB2_17TransportSnapshot10is_playing
FNDA:0,_RNvMNtCshuf9YsoCNv4_11orpheus_dsp6engineNtB2_17TransportSnapshot13current_frame
FNDA:0,_RNvMNtCshuf9YsoCNv4_11orpheus_dsp6engineNtB2_17TransportSnapshot13publish_epoch
FNDA:0,_RNvMNtCshuf9YsoCNv4_11orpheus_dsp6engineNtB2_17TransportSnapshot16frames_per_cycle
FNDA:0,_RNvMNtCshuf9YsoCNv4_11orpheus_dsp6engineNtB2_17TransportSnapshot19has_pending_pattern
FNDA:0,_RNvMNtCshuf9YsoCNv4_11orpheus_dsp6engineNtB2_17TransportSnapshot19has_pending_routing
FNDA:0,_RNvMNtCshuf9YsoCNv4_11orpheus_dsp6engineNtB2_17TransportSnapshot25current_cycle_start_frame
FNDA:0,_RNvMNtCshuf9YsoCNv4_11orpheus_dsp6engineNtB2_17TransportSnapshot9tempo_bpm
FNDA:0,_RNvMs0_NtCshuf9YsoCNv4_11orpheus_dsp6engineNtB5_10EngineCore11begin_cycle
FNDA:0,_RNvMs0_NtCshuf9YsoCNv4_11orpheus_dsp6engineNtB5_10EngineCore13apply_command
FNDA:0,_RNvMs0_NtCshuf9YsoCNv4_11orpheus_dsp6engineNtB5_10EngineCore14play_transport
FNDA:0,_RNvMs0_NtCshuf9YsoCNv4_11orpheus_dsp6engineNtB5_10EngineCore14stop_transport
FNDA:0,_RNvMs0_NtCshuf9YsoCNv4_11orpheus_dsp6engineNtB5_10EngineCore16activate_trigger
FNDA:0,_RNvMs0_NtCshuf9YsoCNv4_11orpheus_dsp6engineNtB5_10EngineCore17mix_routed_voices
FNDA:0,_RNvMs0_NtCshuf9YsoCNv4_11orpheus_dsp6engineNtB5_10EngineCore18resize_mix_buffers
FNDA:0,_RNvMs0_NtCshuf9YsoCNv4_11orpheus_dsp6engineNtB5_10EngineCore21frames_until_boundary
FNDA:0,_RNvMs0_NtCshuf9YsoCNv4_11orpheus_dsp6engineNtB5_10EngineCore22adopt_routing_snapshot
FNDA:0,_RNvMs0_NtCshuf9YsoCNv4_11orpheus_dsp6engineNtB5_10EngineCore22sync_bus_effect_timing
FNDA:0,_RNvMs0_NtCshuf9YsoCNv4_11orpheus_dsp6engineNtB5_10EngineCore23render_into_interleaved
FNDA:0,_RNvMs0_NtCshuf9YsoCNv4_11orpheus_dsp6engineNtB5_10EngineCore23reset_bus_effect_states
FNDA:0,_RNvMs0_NtCshuf9YsoCNv4_11orpheus_dsp6engineNtB5_10EngineCore3new
FNDA:0,_RNvMs1_NtCshuf9YsoCNv4_11orpheus_dsp6engineNtB5_12RenderEngine14drain_commands
FNDA:0,_RNvMs1_NtCshuf9YsoCNv4_11orpheus_dsp6engineNtB5_12RenderEngine17publish_transport
FNDA:0,_RNvMs1_NtCshuf9YsoCNv4_11orpheus_dsp6engineNtB5_12RenderEngine17render_test_block
FNDA:0,_RNvMs1_NtCshuf9YsoCNv4_11orpheus_dsp6engineNtB5_12RenderEngine21schedule_test_trigger
FNDA:0,_RNvMs1_NtCshuf9YsoCNv4_11orpheus_dsp6engineNtB5_12RenderEngine23render_into_interleaved
FNDA:0,_RNvMs1_NtCshuf9YsoCNv4_11orpheus_dsp6engineNtB5_12RenderEngine25frames_per_cycle_for_test
FNDA:0,_RNvMs1_NtCshuf9YsoCNv4_11orpheus_dsp6engineNtB5_12RenderEngine27active_track_names_for_test
FNDA:0,_RNvMs1_NtCshuf9YsoCNv4_11orpheus_dsp6engineNtB5_12RenderEngine28active_pattern_name_for_test
FNDA:0,_RNvMs1_NtCshuf9YsoCNv4_11orpheus_dsp6engineNtB5_12RenderEngine28swap_applied_before_boundary
FNDA:0,_RNvMs1_NtCshuf9YsoCNv4_11orpheus_dsp6engineNtB5_12RenderEngine30frames_until_boundary_for_test
FNDA:0,_RNvMs1_NtCshuf9YsoCNv4_11orpheus_dsp6engineNtB5_12RenderEngine3new
FNDA:0,_RNvMs4_NtCshuf9YsoCNv4_11orpheus_dsp6engineNtB5_12EngineHandle14split_for_test
FNDA:0,_RNvMs4_NtCshuf9YsoCNv4_11orpheus_dsp6engineNtB5_12EngineHandle17render_test_block
FNDA:0,_RNvMs4_NtCshuf9YsoCNv4_11orpheus_dsp6engineNtB5_12EngineHandle17test_renderer_mut
FNDA:0,_RNvMs4_NtCshuf9YsoCNv4_11orpheus_dsp6engineNtB5_12EngineHandle17test_renderer_ref
FNDA:0,_RNvMs4_NtCshuf9YsoCNv4_11orpheus_dsp6engineNtB5_12EngineHandle18from_stream_config
FNDA:0,_RNvMs4_NtCshuf9YsoCNv4_11orpheus_dsp6engineNtB5_12EngineHandle18transport_snapshot
FNDA:0,_RNvMs4_NtCshuf9YsoCNv4_11orpheus_dsp6engineNtB5_12EngineHandle21schedule_test_trigger
FNDA:0,_RNvMs4_NtCshuf9YsoCNv4_11orpheus_dsp6engineNtB5_12EngineHandle23split_for_stream_config
FNDA:0,_RNvMs4_NtCshuf9YsoCNv4_11orpheus_dsp6engineNtB5_12EngineHandle25frames_per_cycle_for_test
FNDA:0,_RNvMs4_NtCshuf9YsoCNv4_11orpheus_dsp6engineNtB5_12EngineHandle27active_track_names_for_test
FNDA:0,_RNvMs4_NtCshuf9YsoCNv4_11orpheus_dsp6engineNtB5_12EngineHandle28active_pattern_name_for_test
FNDA:0,_RNvMs4_NtCshuf9YsoCNv4_11orpheus_dsp6engineNtB5_12EngineHandle28swap_applied_before_boundary
FNDA:0,_RNvMs4_NtCshuf9YsoCNv4_11orpheus_dsp6engineNtB5_12EngineHandle30frames_until_boundary_for_test
FNDA:0,_RNvMs4_NtCshuf9YsoCNv4_11orpheus_dsp6engineNtB5_12EngineHandle4stub
FNDA:0,_RNvMs4_NtCshuf9YsoCNv4_11orpheus_dsp6engineNtB5_12EngineHandle7enqueue
FNDA:0,_RNvMs_NtCshuf9YsoCNv4_11orpheus_dsp6engineNtB4_15SharedTransport7publish
FNDA:0,_RNvMs_NtCshuf9YsoCNv4_11orpheus_dsp6engineNtB4_15SharedTransport8snapshot
FNDA:0,_RNvNtCshuf9YsoCNv4_11orpheus_dsp6engine16frames_per_cycle
FNDA:0,_RNvNtCshuf9YsoCNv4_11orpheus_dsp6engine21default_stream_config
FNDA:0,_RNvNtCshuf9YsoCNv4_11orpheus_dsp6engine22bus_effect_specs_match
FNDA:0,_RNvNtCshuf9YsoCNv4_11orpheus_dsp6engine26routing_snapshot_has_audio
FNDA:0,_RNvNtCshuf9YsoCNv4_11orpheus_dsp6engine29default_main_routing_snapshot
FNDA:0,_RNvNtCshuf9YsoCNv4_11orpheus_dsp6engine30compatibility_routing_snapshot
FNDA:0,_RNvXs2_NtCshuf9YsoCNv4_11orpheus_dsp6engineNtB5_12EngineHandleNtNtCs4kUJL3MZFFz_4core3cmp9PartialEq2eq
FNF:80
FNH:64
DA:42,98
DA:43,98
DA:44,98
DA:47,137
DA:48,137
DA:49,137
DA:52,67
DA:53,67
DA:54,67
DA:57,39
DA:58,39
DA:59,39
DA:62,68
DA:63,68
DA:64,68
DA:67,150
DA:68,150
DA:69,150
DA:72,99
DA:73,99
DA:74,99
DA:77,43
DA:78,43
DA:79,43
DA:95,297
DA:98,297
DA:99,297
DA:101,297
DA:102,297
DA:103,297
DA:104,297
DA:105,297
DA:106,297
DA:107,297
DA:108,297
DA:109,297
DA:110,297
DA:111,297
DA:112,297
DA:113,297
DA:116,297
DA:117,297
DA:118,297
DA:120,287
DA:122,287
DA:123,287
DA:126,287
DA:127,0
DA:128,0
DA:129,287
DA:131,287
DA:132,287
DA:133,287
DA:134,287
DA:135,287
DA:136,287
DA:137,287
DA:138,287
DA:139,287
DA:140,287
DA:142,287
DA:143,287
DA:145,287
DA:146,287
DA:147,0
DA:149,287
DA:197,154
DA:198,154
DA:199,0
DA:200,154
DA:202,154
DA:203,154
DA:204,154
DA:205,154
DA:206,154
DA:207,154
DA:208,154
DA:209,154
DA:210,154
DA:211,154
DA:212,154
DA:213,154
DA:214,154
DA:215,154
DA:216,154
DA:217,154
DA:218,154
DA:219,154
DA:220,154
DA:221,154
DA:222,154
DA:223,154
DA:224,154
DA:225,154
DA:226,154
DA:227,154
DA:228,154
DA:229,154
DA:231,145
DA:232,145
DA:233,4
DA:234,4
DA:235,4
DA:236,4
DA:237,4
DA:238,4
DA:239,4
DA:241,48
DA:242,48
DA:243,48
DA:245,48
DA:246,48
DA:248,38
DA:249,38
DA:250,38
DA:251,38
DA:252,38
DA:254,27
DA:255,27
DA:256,27
DA:258,18
DA:259,18
DA:260,16
DA:261,16
DA:262,16
DA:263,15
DA:264,15
DA:265,15
DA:266,15
DA:267,1
DA:268,16
DA:271,3
DA:272,3
DA:275,7
DA:276,7
DA:279,145
DA:281,83
DA:282,83
DA:283,83
DA:284,83
DA:285,83
DA:286,83
DA:288,83
DA:289,27
DA:290,56
DA:292,83
DA:293,68
DA:294,68
DA:295,68
DA:296,15
DA:298,83
DA:300,84
DA:301,84
DA:302,83
DA:303,83
DA:304,83
DA:305,83
DA:306,83
DA:307,115
DA:308,115
DA:309,115
DA:310,115
DA:311,0
DA:312,1
DA:315,83
DA:316,83
DA:318,143
DA:319,143
DA:320,0
DA:321,143
DA:323,2530679
DA:324,2530679
DA:325,197
DA:326,197
DA:327,2530482
DA:329,2530482
DA:330,38
DA:331,38
DA:332,2530444
DA:334,2530563
DA:335,81
DA:336,81
DA:338,2530482
DA:339,2530482
DA:340,2530482
DA:341,2530482
DA:342,2530482
DA:343,2530482
DA:344,2530482
DA:345,2530482
DA:346,2530482
DA:347,0
DA:348,0
DA:350,2530482
DA:351,2530482
DA:352,45
DA:353,2530437
DA:356,143
DA:357,143
DA:359,40
DA:360,40
DA:361,40
DA:362,40
DA:364,81
DA:365,82
DA:366,81
DA:367,81
DA:368,81
DA:369,81
DA:370,76
DA:371,76
DA:372,76
DA:373,76
DA:374,76
DA:376,76
DA:377,81
DA:378,5
DA:379,5
DA:380,5
DA:381,5
DA:382,5
DA:383,5
DA:384,5
DA:386,5
DA:387,5
DA:388,0
DA:389,81
DA:391,3
DA:392,3
DA:393,0
DA:394,3
DA:396,3
DA:397,0
DA:398,0
DA:399,0
DA:401,0
DA:402,3
DA:403,3
DA:404,3
DA:405,3
DA:406,3
DA:408,7
DA:409,7
DA:410,0
DA:411,0
DA:412,0
DA:414,0
DA:415,7
DA:417,7
DA:418,224
DA:419,224
DA:420,224
DA:421,7
DA:422,7
DA:423,7
DA:424,7
DA:425,7
DA:426,7
DA:427,7
DA:428,7
DA:430,68
DA:431,68
DA:432,68
DA:433,68
DA:434,68
DA:435,68
DA:437,68
DA:438,68
DA:439,68
DA:440,68
DA:442,68
DA:443,15
DA:444,13
DA:445,13
DA:446,13
DA:447,13
DA:448,13
DA:449,4
DA:450,4
DA:451,4
DA:452,13
DA:453,13
DA:454,2
DA:455,2
DA:456,2
DA:458,11
DA:461,2
DA:463,15
DA:466,68
DA:467,68
DA:468,68
DA:469,68
DA:471,83
DA:472,83
DA:473,83
DA:474,83
DA:475,83
DA:476,83
DA:478,22
DA:479,20
DA:480,2
DA:482,83
DA:483,83
DA:485,7
DA:486,7
DA:487,0
DA:488,0
DA:489,7
DA:491,2530482
DA:492,2530482
DA:493,2530482
DA:495,80975424
DA:496,80975424
DA:497,788
DA:498,727
DA:499,727
DA:500,727
DA:501,727
DA:502,727
DA:503,61
DA:504,61
DA:505,61
DA:506,80974636
DA:509,2530482
DA:510,2530482
DA:512,2530486
DA:513,2530486
DA:514,2530486
DA:515,2530486
DA:516,2530486
DA:517,2530486
DA:519,2530486
DA:520,4
DA:521,2530482
DA:523,2530482
DA:524,2527469
DA:525,2527469
DA:526,2527469
DA:528,2530482
DA:529,3017
DA:530,3017
DA:531,3017
DA:532,3017
DA:533,3017
DA:537,2530482
DA:538,3017
DA:539,0
DA:540,3017
DA:542,3017
DA:543,3017
DA:544,3017
DA:545,3017
DA:546,3013
DA:547,3013
DA:548,3013
DA:549,3013
DA:550,4
DA:551,4
DA:552,4
DA:555,2530482
DA:556,2530482
DA:568,154
DA:569,154
DA:570,154
DA:571,154
DA:572,154
DA:573,154
DA:574,154
DA:575,154
DA:576,154
DA:578,154
DA:579,154
DA:580,154
DA:588,145
DA:589,145
DA:590,143
DA:591,143
DA:592,143
DA:593,145
DA:600,1
DA:601,1
DA:602,1
DA:603,1
DA:604,1
DA:605,1
DA:606,1
DA:613,2
DA:614,2
DA:615,2
DA:623,142
DA:624,142
DA:625,142
DA:626,142
DA:627,142
DA:628,142
DA:629,142
DA:630,142
DA:634,8
DA:635,8
DA:636,8
DA:640,5
DA:641,5
DA:642,5
DA:643,5
DA:644,5
DA:645,5
DA:646,5
DA:647,5
DA:651,40
DA:652,40
DA:653,40
DA:657,6
DA:658,6
DA:659,6
DA:661,146
DA:662,289
DA:663,145
DA:665,144
DA:666,146
DA:668,297
DA:669,297
DA:670,297
DA:682,2
DA:683,2
DA:684,1
DA:685,1
DA:686,1
DA:687,1
DA:688,1
DA:689,1
DA:690,1
DA:691,1
DA:692,1
DA:693,1
DA:694,1
DA:695,1
DA:696,1
DA:698,1
DA:699,0
DA:701,2
DA:713,149
DA:714,149
DA:715,149
DA:716,149
DA:717,149
DA:724,149
DA:725,149
DA:726,149
DA:727,149
DA:728,149
DA:735,154
DA:736,154
DA:737,154
DA:738,154
DA:739,154
DA:740,154
DA:741,154
DA:742,154
DA:743,154
DA:744,154
DA:745,154
DA:746,154
DA:747,154
DA:748,154
DA:749,154
DA:757,5
DA:758,5
DA:759,5
DA:760,5
DA:761,5
DA:769,274
DA:770,274
DA:771,274
DA:772,274
DA:773,274
DA:782,1
DA:783,1
DA:784,1
DA:785,1
DA:786,1
DA:793,2
DA:794,2
DA:795,2
DA:803,141
DA:804,141
DA:805,141
DA:813,7
DA:814,7
DA:815,7
DA:823,5
DA:824,5
DA:825,5
DA:834,39
DA:835,39
DA:836,39
DA:844,6
DA:845,6
DA:846,6
DA:850,287
DA:851,287
DA:852,287
DA:854,144
DA:855,144
DA:856,144
DA:857,144
DA:858,144
DA:860,57
DA:861,57
DA:862,57
DA:863,57
DA:864,57
DA:867,154
DA:868,154
DA:869,154
DA:870,154
DA:871,154
DA:872,154
DA:873,154
DA:897,189
DA:900,189
DA:901,0
DA:902,189
DA:904,189
DA:905,189
DA:906,2
DA:907,187
DA:909,187
DA:910,187
DA:911,187
DA:912,187
DA:913,187
DA:915,187
DA:916,187
DA:917,0
DA:918,187
DA:920,187
DA:921,189
DA:923,154
DA:924,154
DA:925,154
DA:926,154
DA:927,154
DA:928,154
DA:930,52
DA:931,52
DA:932,52
DA:934,52
DA:936,52
DA:937,52
DA:938,52
DA:939,52
DA:941,10
DA:942,10
DA:943,10
DA:944,10
DA:945,10
DA:946,10
DA:948,4
DA:949,4
DA:950,4
BRF:0
BRH:0
LF:583
LH:543
end_of_record
SF:/app/crates/orpheus-dsp/src/offline.rs
FN:468,_RNvNtCsjMxiqbwISkm_11orpheus_dsp7offline10mix_voices
FN:407,_RNvNtCsjMxiqbwISkm_11orpheus_dsp7offline10write_flac
FN:437,_RNvNtCsjMxiqbwISkm_11orpheus_dsp7offline14activate_voice
FN:485,_RNvNtCsjMxiqbwISkm_11orpheus_dsp7offline14float_to_pcm16
FN:221,_RNvNtCsjMxiqbwISkm_11orpheus_dsp7offline18mix_snapshot_frame
FN:300,_RNvNtCsjMxiqbwISkm_11orpheus_dsp7offline20render_events_to_pcm
FN:172,_RNvNtCsjMxiqbwISkm_11orpheus_dsp7offline24schedule_snapshot_cycles
FN:201,_RNvNtCsjMxiqbwISkm_11orpheus_dsp7offline28activate_due_snapshot_voices
FN:281,_RNvNtCsjMxiqbwISkm_11orpheus_dsp7offline30mix_offline_voices_into_tracks
FN:122,_RNvNtCsjMxiqbwISkm_11orpheus_dsp7offline42render_routing_snapshot_to_stereo_for_test
FN:490,_RNvNtCsjMxiqbwISkm_11orpheus_dsp7offline9extension
FN:352,_RNvNtCsjMxiqbwISkm_11orpheus_dsp7offline9write_wav
FN:149,_RNCNCNvNtCsjMxiqbwISkm_11orpheus_dsp7offline42render_routing_snapshot_to_stereo_for_tests_00B7_
FN:410,_RNCNvNtCsjMxiqbwISkm_11orpheus_dsp7offline10write_flac0B5_
FN:421,_RNCNvNtCsjMxiqbwISkm_11orpheus_dsp7offline10write_flacs0_0B5_
FN:425,_RNCNvNtCsjMxiqbwISkm_11orpheus_dsp7offline10write_flacs1_0B5_
FN:427,_RNCNvNtCsjMxiqbwISkm_11orpheus_dsp7offline10write_flacs2_0B5_
FN:418,_RNCNvNtCsjMxiqbwISkm_11orpheus_dsp7offline10write_flacs_0B5_
FN:445,_RNCNvNtCsjMxiqbwISkm_11orpheus_dsp7offline14activate_voice0B5_
FN:237,_RNCNvNtCsjMxiqbwISkm_11orpheus_dsp7offline18mix_snapshot_frame0B5_
FN:266,_RNCNvNtCsjMxiqbwISkm_11orpheus_dsp7offline18mix_snapshot_frames0_0B5_
FN:253,_RNCNvNtCsjMxiqbwISkm_11orpheus_dsp7offline18mix_snapshot_frames_0B5_
FN:323,_RNCNvNtCsjMxiqbwISkm_11orpheus_dsp7offline20render_events_to_pcms_0B5_
FN:189,_RNCNvNtCsjMxiqbwISkm_11orpheus_dsp7offline24schedule_snapshot_cycles0B5_
FN:289,_RNCNvNtCsjMxiqbwISkm_11orpheus_dsp7offline30mix_offline_voices_into_tracks0B5_
FN:147,_RNCNvNtCsjMxiqbwISkm_11orpheus_dsp7offline42render_routing_snapshot_to_stereo_for_tests_0B5_
FN:492,_RNCNvNtCsjMxiqbwISkm_11orpheus_dsp7offline9extension0B5_
FN:362,_RNCNvNtCsjMxiqbwISkm_11orpheus_dsp7offline9write_wav0B5_
FN:379,_RNCNvNtCsjMxiqbwISkm_11orpheus_dsp7offline9write_wavs0_0B5_
FN:394,_RNCNvNtCsjMxiqbwISkm_11orpheus_dsp7offline9write_wavs1_0B5_
FN:375,_RNCNvNtCsjMxiqbwISkm_11orpheus_dsp7offline9write_wavs_0B5_
FN:79,_RINvNtCsjMxiqbwISkm_11orpheus_dsp7offline31render_events_to_file_with_bankRNtNtCsauO83Ko6oyK_5alloc6string6StringECs3Wwp4yYjlin_12orpheus_lang
FN:79,_RINvNtCsjMxiqbwISkm_11orpheus_dsp7offline31render_events_to_file_with_bankRNtNtCsaa59N1qzrfe_3std4path7PathBufECs5r72xuadCBF_14offline_render
FN:101,_RINvNtCshuf9YsoCNv4_11orpheus_dsp7offline20render_events_to_wavpEB4_
FN:63,_RINvNtCshuf9YsoCNv4_11orpheus_dsp7offline21render_events_to_filepEB4_
FN:79,_RINvNtCshuf9YsoCNv4_11orpheus_dsp7offline31render_events_to_file_with_bankpEB4_
FN:149,_RNCNCNvNtCshuf9YsoCNv4_11orpheus_dsp7offline42render_routing_snapshot_to_stereo_for_tests_00B7_
FN:410,_RNCNvNtCshuf9YsoCNv4_11orpheus_dsp7offline10write_flac0B5_
FN:421,_RNCNvNtCshuf9YsoCNv4_11orpheus_dsp7offline10write_flacs0_0B5_
FN:425,_RNCNvNtCshuf9YsoCNv4_11orpheus_dsp7offline10write_flacs1_0B5_
FN:427,_RNCNvNtCshuf9YsoCNv4_11orpheus_dsp7offline10write_flacs2_0B5_
FN:418,_RNCNvNtCshuf9YsoCNv4_11orpheus_dsp7offline10write_flacs_0B5_
FN:445,_RNCNvNtCshuf9YsoCNv4_11orpheus_dsp7offline14activate_voice0B5_
FN:237,_RNCNvNtCshuf9YsoCNv4_11orpheus_dsp7offline18mix_snapshot_frame0B5_
FN:266,_RNCNvNtCshuf9YsoCNv4_11orpheus_dsp7offline18mix_snapshot_frames0_0B5_
FN:253,_RNCNvNtCshuf9YsoCNv4_11orpheus_dsp7offline18mix_snapshot_frames_0B5_
FN:323,_RNCNvNtCshuf9YsoCNv4_11orpheus_dsp7offline20render_events_to_pcms_0B5_
FN:189,_RNCNvNtCshuf9YsoCNv4_11orpheus_dsp7offline24schedule_snapshot_cycles0B5_
FN:289,_RNCNvNtCshuf9YsoCNv4_11orpheus_dsp7offline30mix_offline_voices_into_tracks0B5_
FN:147,_RNCNvNtCshuf9YsoCNv4_11orpheus_dsp7offline42render_routing_snapshot_to_stereo_for_tests_0B5_
FN:492,_RNCNvNtCshuf9YsoCNv4_11orpheus_dsp7offline9extension0B5_
FN:362,_RNCNvNtCshuf9YsoCNv4_11orpheus_dsp7offline9write_wav0B5_
FN:379,_RNCNvNtCshuf9YsoCNv4_11orpheus_dsp7offline9write_wavs0_0B5_
FN:394,_RNCNvNtCshuf9YsoCNv4_11orpheus_dsp7offline9write_wavs1_0B5_
FN:375,_RNCNvNtCshuf9YsoCNv4_11orpheus_dsp7offline9write_wavs_0B5_
FN:468,_RNvNtCshuf9YsoCNv4_11orpheus_dsp7offline10mix_voices
FN:407,_RNvNtCshuf9YsoCNv4_11orpheus_dsp7offline10write_flac
FN:437,_RNvNtCshuf9YsoCNv4_11orpheus_dsp7offline14activate_voice
FN:485,_RNvNtCshuf9YsoCNv4_11orpheus_dsp7offline14float_to_pcm16
FN:221,_RNvNtCshuf9YsoCNv4_11orpheus_dsp7offline18mix_snapshot_frame
FN:300,_RNvNtCshuf9YsoCNv4_11orpheus_dsp7offline20render_events_to_pcm
FN:172,_RNvNtCshuf9YsoCNv4_11orpheus_dsp7offline24schedule_snapshot_cycles
FN:201,_RNvNtCshuf9YsoCNv4_11orpheus_dsp7offline28activate_due_snapshot_voices
FN:281,_RNvNtCshuf9YsoCNv4_11orpheus_dsp7offline30mix_offline_voices_into_tracks
FN:122,_RNvNtCshuf9YsoCNv4_11orpheus_dsp7offline42render_routing_snapshot_to_stereo_for_test
FN:490,_RNvNtCshuf9YsoCNv4_11orpheus_dsp7offline9extension
FN:352,_RNvNtCshuf9YsoCNv4_11orpheus_dsp7offline9write_wav
FN:79,_RINvNtCsjMxiqbwISkm_11orpheus_dsp7offline31render_events_to_file_with_bankRNtNtCsauO83Ko6oyK_5alloc6string6StringECsisg21mIXr1_12orpheus_lang
FN:79,_RINvNtCsjMxiqbwISkm_11orpheus_dsp7offline31render_events_to_file_with_bankRNtNtCsaa59N1qzrfe_3std4path7PathBufECscsNZFnWxXU5_12render_smoke
FNDA:1824000,_RNvNtCsjMxiqbwISkm_11orpheus_dsp7offline10mix_voices
FNDA:1,_RNvNtCsjMxiqbwISkm_11orpheus_dsp7offline10write_flac
FNDA:55,_RNvNtCsjMxiqbwISkm_11orpheus_dsp7offline14activate_voice
FNDA:3648000,_RNvNtCsjMxiqbwISkm_11orpheus_dsp7offline14float_to_pcm16
FNDA:1200,_RNvNtCsjMxiqbwISkm_11orpheus_dsp7offline18mix_snapshot_frame
FNDA:15,_RNvNtCsjMxiqbwISkm_11orpheus_dsp7offline20render_events_to_pcm
FNDA:2,_RNvNtCsjMxiqbwISkm_11orpheus_dsp7offline24schedule_snapshot_cycles
FNDA:1200,_RNvNtCsjMxiqbwISkm_11orpheus_dsp7offline28activate_due_snapshot_voices
FNDA:1200,_RNvNtCsjMxiqbwISkm_11orpheus_dsp7offline30mix_offline_voices_into_tracks
FNDA:2,_RNvNtCsjMxiqbwISkm_11orpheus_dsp7offline42render_routing_snapshot_to_stereo_for_test
FNDA:15,_RNvNtCsjMxiqbwISkm_11orpheus_dsp7offline9extension
FNDA:14,_RNvNtCsjMxiqbwISkm_11orpheus_dsp7offline9write_wav
FNDA:2,_RNCNCNvNtCsjMxiqbwISkm_11orpheus_dsp7offline42render_routing_snapshot_to_stereo_for_tests_00B7_
FNDA:0,_RNCNvNtCsjMxiqbwISkm_11orpheus_dsp7offline10write_flac0B5_
FNDA:0,_RNCNvNtCsjMxiqbwISkm_11orpheus_dsp7offline10write_flacs0_0B5_
FNDA:0,_RNCNvNtCsjMxiqbwISkm_11orpheus_dsp7offline10write_flacs1_0B5_
FNDA:0,_RNCNvNtCsjMxiqbwISkm_11orpheus_dsp7offline10write_flacs2_0B5_
FNDA:0,_RNCNvNtCsjMxiqbwISkm_11orpheus_dsp7offline10write_flacs_0B5_
FNDA:55,_RNCNvNtCsjMxiqbwISkm_11orpheus_dsp7offline14activate_voice0B5_
FNDA:0,_RNCNvNtCsjMxiqbwISkm_11orpheus_dsp7offline18mix_snapshot_frame0B5_
FNDA:0,_RNCNvNtCsjMxiqbwISkm_11orpheus_dsp7offline18mix_snapshot_frames0_0B5_
FNDA:0,_RNCNvNtCsjMxiqbwISkm_11orpheus_dsp7offline18mix_snapshot_frames_0B5_
FNDA:50,_RNCNvNtCsjMxiqbwISkm_11orpheus_dsp7offline20render_events_to_pcms_0B5_
FNDA:5,_RNCNvNtCsjMxiqbwISkm_11orpheus_dsp7offline24schedule_snapshot_cycles0B5_
FNDA:0,_RNCNvNtCsjMxiqbwISkm_11orpheus_dsp7offline30mix_offline_voices_into_tracks0B5_
FNDA:2,_RNCNvNtCsjMxiqbwISkm_11orpheus_dsp7offline42render_routing_snapshot_to_stereo_for_tests_0B5_
FNDA:15,_RNCNvNtCsjMxiqbwISkm_11orpheus_dsp7offline9extension0B5_
FNDA:0,_RNCNvNtCsjMxiqbwISkm_11orpheus_dsp7offline9write_wav0B5_
FNDA:0,_RNCNvNtCsjMxiqbwISkm_11orpheus_dsp7offline9write_wavs0_0B5_
FNDA:0,_RNCNvNtCsjMxiqbwISkm_11orpheus_dsp7offline9write_wavs1_0B5_
FNDA:0,_RNCNvNtCsjMxiqbwISkm_11orpheus_dsp7offline9write_wavs_0B5_
FNDA:4,_RINvNtCsjMxiqbwISkm_11orpheus_dsp7offline31render_events_to_file_with_bankRNtNtCsauO83Ko6oyK_5alloc6string6StringECs3Wwp4yYjlin_12orpheus_lang
FNDA:7,_RINvNtCsjMxiqbwISkm_11orpheus_dsp7offline31render_events_to_file_with_bankRNtNtCsaa59N1qzrfe_3std4path7PathBufECs5r72xuadCBF_14offline_render
FNDA:0,_RINvNtCshuf9YsoCNv4_11orpheus_dsp7offline20render_events_to_wavpEB4_
FNDA:0,_RINvNtCshuf9YsoCNv4_11orpheus_dsp7offline21render_events_to_filepEB4_
FNDA:0,_RINvNtCshuf9YsoCNv4_11orpheus_dsp7offline31render_events_to_file_with_bankpEB4_
FNDA:0,_RNCNCNvNtCshuf9YsoCNv4_11orpheus_dsp7offline42render_routing_snapshot_to_stereo_for_tests_00B7_
FNDA:0,_RNCNvNtCshuf9YsoCNv4_11orpheus_dsp7offline10write_flac0B5_
FNDA:0,_RNCNvNtCshuf9YsoCNv4_11orpheus_dsp7offline10write_flacs0_0B5_
FNDA:0,_RNCNvNtCshuf9YsoCNv4_11orpheus_dsp7offline10write_flacs1_0B5_
FNDA:0,_RNCNvNtCshuf9YsoCNv4_11orpheus_dsp7offline10write_flacs2_0B5_
FNDA:0,_RNCNvNtCshuf9YsoCNv4_11orpheus_dsp7offline10write_flacs_0B5_
FNDA:0,_RNCNvNtCshuf9YsoCNv4_11orpheus_dsp7offline14activate_voice0B5_
FNDA:0,_RNCNvNtCshuf9YsoCNv4_11orpheus_dsp7offline18mix_snapshot_frame0B5_
FNDA:0,_RNCNvNtCshuf9YsoCNv4_11orpheus_dsp7offline18mix_snapshot_frames0_0B5_
FNDA:0,_RNCNvNtCshuf9YsoCNv4_11orpheus_dsp7offline18mix_snapshot_frames_0B5_
FNDA:0,_RNCNvNtCshuf9YsoCNv4_11orpheus_dsp7offline20render_events_to_pcms_0B5_
FNDA:0,_RNCNvNtCshuf9YsoCNv4_11orpheus_dsp7offline24schedule_snapshot_cycles0B5_
FNDA:0,_RNCNvNtCshuf9YsoCNv4_11orpheus_dsp7offline30mix_offline_voices_into_tracks0B5_
FNDA:0,_RNCNvNtCshuf9YsoCNv4_11orpheus_dsp7offline42render_routing_snapshot_to_stereo_for_tests_0B5_
FNDA:0,_RNCNvNtCshuf9YsoCNv4_11orpheus_dsp7offline9extension0B5_
FNDA:0,_RNCNvNtCshuf9YsoCNv4_11orpheus_dsp7offline9write_wav0B5_
FNDA:0,_RNCNvNtCshuf9YsoCNv4_11orpheus_dsp7offline9write_wavs0_0B5_
FNDA:0,_RNCNvNtCshuf9YsoCNv4_11orpheus_dsp7offline9write_wavs1_0B5_
FNDA:0,_RNCNvNtCshuf9YsoCNv4_11orpheus_dsp7offline9write_wavs_0B5_
FNDA:0,_RNvNtCshuf9YsoCNv4_11orpheus_dsp7offline10mix_voices
FNDA:0,_RNvNtCshuf9YsoCNv4_11orpheus_dsp7offline10write_flac
FNDA:0,_RNvNtCshuf9YsoCNv4_11orpheus_dsp7offline14activate_voice
FNDA:0,_RNvNtCshuf9YsoCNv4_11orpheus_dsp7offline14float_to_pcm16
FNDA:0,_RNvNtCshuf9YsoCNv4_11orpheus_dsp7offline18mix_snapshot_frame
FNDA:0,_RNvNtCshuf9YsoCNv4_11orpheus_dsp7offline20render_events_to_pcm
FNDA:0,_RNvNtCshuf9YsoCNv4_11orpheus_dsp7offline24schedule_snapshot_cycles
FNDA:0,_RNvNtCshuf9YsoCNv4_11orpheus_dsp7offline28activate_due_snapshot_voices
FNDA:0,_RNvNtCshuf9YsoCNv4_11orpheus_dsp7offline30mix_offline_voices_into_tracks
FNDA:0,_RNvNtCshuf9YsoCNv4_11orpheus_dsp7offline42render_routing_snapshot_to_stereo_for_test
FNDA:0,_RNvNtCshuf9YsoCNv4_11orpheus_dsp7offline9extension
FNDA:0,_RNvNtCshuf9YsoCNv4_11orpheus_dsp7offline9write_wav
FNDA:2,_RINvNtCsjMxiqbwISkm_11orpheus_dsp7offline31render_events_to_file_with_bankRNtNtCsauO83Ko6oyK_5alloc6string6StringECsisg21mIXr1_12orpheus_lang
FNDA:2,_RINvNtCsjMxiqbwISkm_11orpheus_dsp7offline31render_events_to_file_with_bankRNtNtCsaa59N1qzrfe_3std4path7PathBufECscsNZFnWxXU5_12render_smoke
FNF:34
FNH:19
DA:63,0
DA:64,0
DA:65,0
DA:66,0
DA:67,0
DA:68,0
DA:69,0
DA:70,0
DA:79,15
DA:80,15
DA:81,15
DA:82,15
DA:83,15
DA:84,15
DA:85,15
DA:86,15
DA:87,15
DA:88,15
DA:89,1
DA:90,0
DA:91,0
DA:93,15
DA:101,0
DA:102,0
DA:103,0
DA:104,0
DA:105,0
DA:106,0
DA:107,0
DA:108,0
DA:109,0
DA:122,2
DA:123,2
DA:124,2
DA:125,2
DA:126,2
DA:127,2
DA:128,2
DA:129,0
DA:130,2
DA:132,2
DA:133,2
DA:134,2
DA:135,2
DA:136,2
DA:137,2
DA:138,2
DA:139,2
DA:141,2
DA:142,2
DA:143,2
DA:144,2
DA:145,2
DA:146,2
DA:147,2
DA:148,2
DA:149,2
DA:150,2
DA:151,2
DA:152,2
DA:153,2
DA:155,1200
DA:156,1200
DA:157,1200
DA:158,1200
DA:159,1200
DA:160,1200
DA:161,1200
DA:162,1200
DA:163,1200
DA:165,1200
DA:166,1200
DA:169,2
DA:170,2
DA:172,2
DA:173,2
DA:174,2
DA:175,2
DA:176,2
DA:177,2
DA:178,5
DA:179,5
DA:180,5
DA:181,5
DA:182,5
DA:183,5
DA:184,5
DA:185,5
DA:186,5
DA:187,5
DA:188,5
DA:189,5
DA:190,5
DA:191,5
DA:192,5
DA:193,0
DA:194,0
DA:198,2
DA:199,2
DA:201,1200
DA:202,1200
DA:203,1200
DA:204,1200
DA:205,1200
DA:206,1200
DA:207,1205
DA:208,5
DA:209,5
DA:210,5
DA:211,5
DA:212,5
DA:213,5
DA:215,0
DA:218,1200
DA:219,1200
DA:221,1200
DA:222,1200
DA:223,1200
DA:224,1200
DA:225,1200
DA:226,1200
DA:227,1200
DA:228,1200
DA:229,1200
DA:230,1200
DA:232,1200
DA:233,1200
DA:235,1200
DA:236,1200
DA:237,1200
DA:238,1200
DA:239,1200
DA:240,1200
DA:242,1200
DA:243,0
DA:244,1200
DA:246,1200
DA:247,0
DA:248,0
DA:249,1200
DA:251,1200
DA:252,1200
DA:253,1200
DA:254,1200
DA:255,1200
DA:256,1200
DA:260,1200
DA:261,1200
DA:262,0
DA:263,1200
DA:265,1200
DA:266,1200
DA:267,1200
DA:268,1200
DA:269,1200
DA:270,1200
DA:271,1200
DA:272,1200
DA:273,0
DA:274,0
DA:275,0
DA:278,1200
DA:279,1200
DA:281,1200
DA:282,1200
DA:283,1200
DA:284,1200
DA:285,38400
DA:286,38400
DA:287,25
DA:288,20
DA:289,20
DA:290,20
DA:291,20
DA:292,20
DA:293,5
DA:294,5
DA:295,5
DA:296,38375
DA:298,1200
DA:300,15
DA:301,15
DA:302,15
DA:303,15
DA:304,15
DA:305,15
DA:306,0
DA:307,15
DA:309,15
DA:310,15
DA:311,15
DA:312,15
DA:313,15
DA:314,15
DA:315,15
DA:316,15
DA:317,15
DA:318,15
DA:319,15
DA:321,15
DA:322,15
DA:323,50
DA:324,50
DA:325,50
DA:326,50
DA:327,0
DA:329,15
DA:330,15
DA:332,1824000
DA:333,1824050
DA:334,50
DA:335,50
DA:336,50
DA:337,50
DA:338,50
DA:339,50
DA:341,0
DA:344,1824000
DA:345,1824000
DA:346,1824000
DA:349,15
DA:350,15
DA:352,14
DA:353,14
DA:354,14
DA:355,14
DA:356,14
DA:357,14
DA:358,14
DA:359,14
DA:360,14
DA:361,14
DA:362,0
DA:363,0
DA:364,0
DA:365,0
DA:366,0
DA:367,0
DA:369,0
DA:371,0
DA:373,3264000
DA:374,3264000
DA:375,3264000
DA:376,0
DA:378,3264000
DA:379,0
DA:380,0
DA:381,0
DA:382,0
DA:383,0
DA:384,0
DA:386,0
DA:388,0
DA:391,14
DA:392,14
DA:393,14
DA:394,0
DA:395,0
DA:396,0
DA:397,0
DA:398,0
DA:399,0
DA:401,0
DA:403,0
DA:404,14
DA:405,14
DA:407,1
DA:408,1
DA:409,1
DA:410,1
DA:411,0
DA:412,0
DA:413,1
DA:414,1
DA:415,1
DA:416,1
DA:417,1
DA:418,1
DA:420,1
DA:421,1
DA:422,1
DA:423,1
DA:424,1
DA:425,1
DA:426,1
DA:427,0
DA:428,0
DA:429,0
DA:430,0
DA:431,0
DA:433,0
DA:434,1
DA:435,1
DA:437,55
DA:438,55
DA:439,55
DA:440,55
DA:441,55
DA:442,55
DA:443,55
DA:444,55
DA:445,55
DA:446,55
DA:447,55
DA:448,54
DA:449,1
DA:450,1
DA:451,1
DA:452,1
DA:453,1
DA:454,1
DA:455,1
DA:458,0
DA:459,0
DA:460,0
DA:463,0
DA:465,55
DA:466,55
DA:468,1824000
DA:469,1824000
DA:470,1824000
DA:471,58368000
DA:472,58368000
DA:473,24410
DA:474,24360
DA:475,24360
DA:476,24360
DA:477,50
DA:478,50
DA:479,58343590
DA:481,1824000
DA:482,1824000
DA:485,3648000
DA:486,3648000
DA:487,3648000
DA:488,3648000
DA:490,15
DA:491,15
DA:492,15
DA:493,15
DA:494,15
BRF:0
BRH:0
LF:359
LH:275
end_of_record
SF:/app/crates/orpheus-dsp/src/routing.rs
FN:599,_RINvMsc_NtCsjMxiqbwISkm_11orpheus_dsp7routingNtB6_22RoutingSnapshotBuilder16bus_effect_delayReECs7XmEy3ISjDb_15engine_commands
FN:614,_RINvMsc_NtCsjMxiqbwISkm_11orpheus_dsp7routingNtB6_22RoutingSnapshotBuilder17bus_effect_reverbReECs7XmEy3ISjDb_15engine_commands
FN:593,_RINvMsc_NtCsjMxiqbwISkm_11orpheus_dsp7routingNtB6_22RoutingSnapshotBuilder3busReECs7XmEy3ISjDb_15engine_commands
FN:629,_RINvMsc_NtCsjMxiqbwISkm_11orpheus_dsp7routingNtB6_22RoutingSnapshotBuilder4sendReB1f_ECs7XmEy3ISjDb_15engine_commands
FN:557,_RINvMsc_NtCsjMxiqbwISkm_11orpheus_dsp7routingNtB6_22RoutingSnapshotBuilder17track_with_sourceReEB8_
FN:563,_RINvMsc_NtCsjMxiqbwISkm_11orpheus_dsp7routingNtB6_22RoutingSnapshotBuilder25track_with_source_and_mixReEB8_
FN:644,_RINvMsc_NtCsjMxiqbwISkm_11orpheus_dsp7routingNtB6_22RoutingSnapshotBuilder5routeReB1g_EB8_
FN:513,_RNCNvMsb_NtCsjMxiqbwISkm_11orpheus_dsp7routingNtB7_15RoutingSnapshot3bus0B9_
FN:514,_RNCNvMsb_NtCsjMxiqbwISkm_11orpheus_dsp7routingNtB7_15RoutingSnapshot3buss_0B9_
FN:505,_RNCNvMsb_NtCsjMxiqbwISkm_11orpheus_dsp7routingNtB7_15RoutingSnapshot5track0B9_
FN:506,_RNCNvMsb_NtCsjMxiqbwISkm_11orpheus_dsp7routingNtB7_15RoutingSnapshot5tracks_0B9_
FN:780,_RNCNvMsc_NtCsjMxiqbwISkm_11orpheus_dsp7routingNtB7_22RoutingSnapshotBuilder17apply_bus_effects0B9_
FN:752,_RNCNvMsc_NtCsjMxiqbwISkm_11orpheus_dsp7routingNtB7_22RoutingSnapshotBuilder17materialize_sends0B9_
FN:757,_RNCNvMsc_NtCsjMxiqbwISkm_11orpheus_dsp7routingNtB7_22RoutingSnapshotBuilder17materialize_sendss_0B9_
FN:675,_RNCNvMsc_NtCsjMxiqbwISkm_11orpheus_dsp7routingNtB7_22RoutingSnapshotBuilder5build0B9_
FN:680,_RNCNvMsc_NtCsjMxiqbwISkm_11orpheus_dsp7routingNtB7_22RoutingSnapshotBuilder5builds_0B9_
FN:963,_RNCNvNtCsjMxiqbwISkm_11orpheus_dsp7routing11track_index0B5_
FN:958,_RNCNvNtCsjMxiqbwISkm_11orpheus_dsp7routing17bus_id_from_index0B5_
FN:953,_RNCNvNtCsjMxiqbwISkm_11orpheus_dsp7routing19track_id_from_index0B5_
FN:942,_RNCNvNtCsjMxiqbwISkm_11orpheus_dsp7routing21ensure_name_is_unique0B5_
FN:942,_RNCNvNtCsjMxiqbwISkm_11orpheus_dsp7routing21ensure_name_is_uniques_0B5_
FN:967,_RNCNvNtCsjMxiqbwISkm_11orpheus_dsp7routing9bus_index0B5_
FN:977,_RNCNvNtCsjMxiqbwISkm_11orpheus_dsp7routing9push_send0B5_
FN:30,_RNvMNtCsjMxiqbwISkm_11orpheus_dsp7routingNtB2_7TrackId3get
FN:25,_RNvMNtCsjMxiqbwISkm_11orpheus_dsp7routingNtB2_7TrackId3new
FN:52,_RNvMs0_NtCsjMxiqbwISkm_11orpheus_dsp7routingNtB5_5BusId3get
FN:47,_RNvMs0_NtCsjMxiqbwISkm_11orpheus_dsp7routingNtB5_5BusId3new
FN:74,_RNvMs2_NtCsjMxiqbwISkm_11orpheus_dsp7routingNtB5_11TrackSource10is_unbound
FN:88,_RNvMs3_NtCsjMxiqbwISkm_11orpheus_dsp7routingNtB5_9SendRoute3new
FN:99,_RNvMs3_NtCsjMxiqbwISkm_11orpheus_dsp7routingNtB5_9SendRoute5level
FN:93,_RNvMs3_NtCsjMxiqbwISkm_11orpheus_dsp7routingNtB5_9SendRoute6bus_id
FN:113,_RNvMs4_NtCsjMxiqbwISkm_11orpheus_dsp7routingNtB5_13BusEffectSpec9kind_name
FN:131,_RNvMs5_NtCsjMxiqbwISkm_11orpheus_dsp7routingNtB5_9DelaySpec3new
FN:150,_RNvMs5_NtCsjMxiqbwISkm_11orpheus_dsp7routingNtB5_9DelaySpec3wet
FN:140,_RNvMs5_NtCsjMxiqbwISkm_11orpheus_dsp7routingNtB5_9DelaySpec4time
FN:145,_RNvMs5_NtCsjMxiqbwISkm_11orpheus_dsp7routingNtB5_9DelaySpec8feedback
FN:165,_RNvMs6_NtCsjMxiqbwISkm_11orpheus_dsp7routingNtB5_10ReverbSpec3new
FN:180,_RNvMs6_NtCsjMxiqbwISkm_11orpheus_dsp7routingNtB5_10ReverbSpec3wet
FN:175,_RNvMs6_NtCsjMxiqbwISkm_11orpheus_dsp7routingNtB5_10ReverbSpec4damp
FN:170,_RNvMs6_NtCsjMxiqbwISkm_11orpheus_dsp7routingNtB5_10ReverbSpec4size
FN:263,_RNvMs7_NtCsjMxiqbwISkm_11orpheus_dsp7routingNtB5_10TrackState16is_phase1_silent
FN:258,_RNvMs7_NtCsjMxiqbwISkm_11orpheus_dsp7routingNtB5_10TrackState16routes_to_master
FN:228,_RNvMs7_NtCsjMxiqbwISkm_11orpheus_dsp7routingNtB5_10TrackState2id
FN:207,_RNvMs7_NtCsjMxiqbwISkm_11orpheus_dsp7routingNtB5_10TrackState3new
FN:248,_RNvMs7_NtCsjMxiqbwISkm_11orpheus_dsp7routingNtB5_10TrackState3pan
FN:233,_RNvMs7_NtCsjMxiqbwISkm_11orpheus_dsp7routingNtB5_10TrackState4name
FN:243,_RNvMs7_NtCsjMxiqbwISkm_11orpheus_dsp7routingNtB5_10TrackState5level
FN:253,_RNvMs7_NtCsjMxiqbwISkm_11orpheus_dsp7routingNtB5_10TrackState5muted
FN:269,_RNvMs7_NtCsjMxiqbwISkm_11orpheus_dsp7routingNtB5_10TrackState5sends
FN:238,_RNvMs7_NtCsjMxiqbwISkm_11orpheus_dsp7routingNtB5_10TrackState6source
FN:305,_RNvMs8_NtCsjMxiqbwISkm_11orpheus_dsp7routingNtB5_8BusState16routes_to_master
FN:295,_RNvMs8_NtCsjMxiqbwISkm_11orpheus_dsp7routingNtB5_8BusState2id
FN:285,_RNvMs8_NtCsjMxiqbwISkm_11orpheus_dsp7routingNtB5_8BusState3new
FN:300,_RNvMs8_NtCsjMxiqbwISkm_11orpheus_dsp7routingNtB5_8BusState4name
FN:310,_RNvMs8_NtCsjMxiqbwISkm_11orpheus_dsp7routingNtB5_8BusState6effect
FN:358,_RNvMs9_NtCsjMxiqbwISkm_11orpheus_dsp7routingNtB5_9TrackView10send_count
FN:363,_RNvMs9_NtCsjMxiqbwISkm_11orpheus_dsp7routingNtB5_9TrackView16is_phase1_silent
FN:353,_RNvMs9_NtCsjMxiqbwISkm_11orpheus_dsp7routingNtB5_9TrackView16routes_to_master
FN:323,_RNvMs9_NtCsjMxiqbwISkm_11orpheus_dsp7routingNtB5_9TrackView2id
FN:343,_RNvMs9_NtCsjMxiqbwISkm_11orpheus_dsp7routingNtB5_9TrackView3pan
FN:328,_RNvMs9_NtCsjMxiqbwISkm_11orpheus_dsp7routingNtB5_9TrackView4name
FN:338,_RNvMs9_NtCsjMxiqbwISkm_11orpheus_dsp7routingNtB5_9TrackView5level
FN:348,_RNvMs9_NtCsjMxiqbwISkm_11orpheus_dsp7routingNtB5_9TrackView5muted
FN:333,_RNvMs9_NtCsjMxiqbwISkm_11orpheus_dsp7routingNtB5_9TrackView6source
FN:386,_RNvMsa_NtCsjMxiqbwISkm_11orpheus_dsp7routingNtB5_7BusView16routes_to_master
FN:376,_RNvMsa_NtCsjMxiqbwISkm_11orpheus_dsp7routingNtB5_7BusView2id
FN:381,_RNvMsa_NtCsjMxiqbwISkm_11orpheus_dsp7routingNtB5_7BusView4name
FN:391,_RNvMsa_NtCsjMxiqbwISkm_11orpheus_dsp7routingNtB5_7BusView6effect
FN:492,_RNvMsb_NtCsjMxiqbwISkm_11orpheus_dsp7routingNtB5_15RoutingSnapshot11track_count
FN:523,_RNvMsb_NtCsjMxiqbwISkm_11orpheus_dsp7routingNtB5_15RoutingSnapshot14master_bus_ids
FN:518,_RNvMsb_NtCsjMxiqbwISkm_11orpheus_dsp7routingNtB5_15RoutingSnapshot16master_track_ids
FN:510,_RNvMsb_NtCsjMxiqbwISkm_11orpheus_dsp7routingNtB5_15RoutingSnapshot3bus
FN:535,_RNvMsb_NtCsjMxiqbwISkm_11orpheus_dsp7routingNtB5_15RoutingSnapshot5buses
FN:502,_RNvMsb_NtCsjMxiqbwISkm_11orpheus_dsp7routingNtB5_15RoutingSnapshot5track
FN:529,_RNvMsb_NtCsjMxiqbwISkm_11orpheus_dsp7routingNtB5_15RoutingSnapshot6tracks
FN:487,_RNvMsb_NtCsjMxiqbwISkm_11orpheus_dsp7routingNtB5_15RoutingSnapshot7builder
FN:497,_RNvMsb_NtCsjMxiqbwISkm_11orpheus_dsp7routingNtB5_15RoutingSnapshot9bus_count
FN:584,_RNvMsc_NtCsjMxiqbwISkm_11orpheus_dsp7routingNtB5_22RoutingSnapshotBuilder10main_track
FN:799,_RNvMsc_NtCsjMxiqbwISkm_11orpheus_dsp7routingNtB5_22RoutingSnapshotBuilder12apply_routes
FN:775,_RNvMsc_NtCsjMxiqbwISkm_11orpheus_dsp7routingNtB5_22RoutingSnapshotBuilder17apply_bus_effects
FN:725,_RNvMsc_NtCsjMxiqbwISkm_11orpheus_dsp7routingNtB5_22RoutingSnapshotBuilder17materialize_buses
FN:742,_RNvMsc_NtCsjMxiqbwISkm_11orpheus_dsp7routingNtB5_22RoutingSnapshotBuilder17materialize_sends
[...]
FNDA:38,_RNvMNtCskropzHwivDX_15orpheus_pattern8rationalNtB2_8Rational4zero
FNDA:21,_RNvMNtCskropzHwivDX_15orpheus_pattern8rationalNtB2_8Rational9numerator
FNDA:81,_RNvNtCskropzHwivDX_15orpheus_pattern8rational17compare_rationals
FNDA:57,_RNvNtCskropzHwivDX_15orpheus_pattern8rational21signed_from_magnitude
FNDA:57,_RNvNtCskropzHwivDX_15orpheus_pattern8rational23positive_from_magnitude
FNDA:52,_RNvNtCskropzHwivDX_15orpheus_pattern8rational26compare_positive_rationals
FNDA:16,_RNvNtCskropzHwivDX_15orpheus_pattern8rational3gcd
FNDA:73,_RNvNtCskropzHwivDX_15orpheus_pattern8rational8gcd_u128
FNDA:40,_RNvXs0_NtCskropzHwivDX_15orpheus_pattern8rationalNtB5_8RationalNtNtCs4kUJL3MZFFz_4core3cmp3Ord3cmp
FNDA:33,_RNvXs1_NtCskropzHwivDX_15orpheus_pattern8rationalNtB5_8RationalNtNtCs4kUJL3MZFFz_4core3cmp10PartialOrd11partial_cmp
FNDA:2,_RNvXs2_NtCskropzHwivDX_15orpheus_pattern8rationaldINtNtCs4kUJL3MZFFz_4core7convert4FromRNtB5_8RationalE4from
FNDA:1,_RNvXs3_NtCskropzHwivDX_15orpheus_pattern8rationaldINtNtCs4kUJL3MZFFz_4core7convert4FromNtB5_8RationalE4from
FNF:30
FNH:26
DA:43,835
DA:44,835
DA:45,1
DA:46,834
DA:48,834
DA:49,835
DA:53,9504
DA:54,9504
DA:55,9504
DA:56,9504
DA:57,9504
DA:58,9504
DA:62,3678
DA:63,3678
DA:64,3678
DA:65,3678
DA:66,3678
DA:67,3678
DA:71,7839
DA:72,7839
DA:73,7839
DA:77,7317
DA:78,7317
DA:79,7317
DA:102,26482
DA:103,26482
DA:104,26482
DA:105,26482
DA:107,26482
DA:108,26482
DA:109,26482
DA:110,26482
DA:111,26482
DA:112,26482
DA:113,26482
DA:114,26482
DA:115,26482
DA:116,26482
DA:117,26482
DA:118,26482
DA:119,26482
DA:120,26482
DA:121,26482
DA:122,26482
DA:123,1
DA:124,26480
DA:125,26481
DA:126,26481
DA:127,26481
DA:128,26481
DA:129,26481
DA:131,26480
DA:132,26482
DA:152,2295
DA:153,2295
DA:154,2295
DA:155,2295
DA:175,8604
DA:176,8604
DA:177,8604
DA:178,8604
DA:179,8604
DA:180,8604
DA:181,8604
DA:182,8604
DA:183,8604
DA:184,8604
DA:185,8604
DA:186,0
DA:188,8604
DA:189,8604
DA:211,25577
DA:212,25577
DA:213,25577
DA:232,14287
DA:233,14287
DA:234,14287
DA:236,52503
DA:237,52503
DA:238,1
DA:239,52502
DA:241,52502
DA:242,5683
DA:243,46819
DA:245,46819
DA:246,46819
DA:247,46819
DA:248,46819
DA:249,46819
DA:250,46819
DA:251,46819
DA:252,46819
DA:253,46819
DA:254,46819
DA:255,46819
DA:256,46819
DA:257,0
DA:258,46819
DA:260,46819
DA:261,46819
DA:262,46819
DA:263,46819
DA:264,52503
DA:277,2
DA:278,2
DA:279,2
DA:281,0
DA:284,0
DA:287,2
DA:291,37935
DA:292,37935
DA:293,37935
DA:297,28654
DA:298,28654
DA:299,28654
DA:302,26482
DA:303,26482
DA:305,26482
DA:306,26482
DA:307,26482
DA:309,73301
DA:310,233569
DA:311,160268
DA:312,160268
DA:313,160268
DA:314,160268
DA:316,73301
DA:317,73301
DA:319,46819
DA:320,46819
DA:321,46819
DA:323,46819
DA:324,46819
DA:325,46819
DA:326,46819
DA:327,46819
DA:330,46819
DA:331,16838
DA:332,1
DA:333,16837
DA:335,16837
DA:336,16837
DA:337,16837
DA:339,29981
DA:341,46819
DA:343,63512
DA:344,63512
DA:345,10961
DA:346,52551
DA:348,52551
DA:349,52551
DA:350,52551
DA:351,52551
DA:352,52551
DA:355,52551
DA:356,20265
DA:358,32286
DA:360,63512
DA:362,52551
DA:363,52551
DA:364,52551
DA:365,52551
DA:366,52551
DA:367,52551
DA:368,52551
DA:371,97918
DA:372,97918
DA:373,97918
DA:374,44404
DA:375,44404
DA:376,12105
DA:378,32299
DA:380,53514
DA:382,53514
DA:383,53514
DA:384,53514
DA:385,5246
DA:386,2012
DA:387,889
DA:389,45367
DA:390,45367
DA:391,45367
DA:392,45367
DA:393,45367
DA:394,45367
DA:398,8147
DA:399,1014
DA:401,7133
DA:404,52551
DA:407,282
DA:409,282
DA:411,282
DA:412,282
DA:413,282
DA:417,1
DA:418,1
DA:419,1
DA:427,1
DA:428,1
DA:430,1
DA:431,1
DA:432,1
DA:435,1
DA:436,1
DA:437,1
DA:439,1
DA:440,1
DA:441,1
DA:444,1
DA:445,1
DA:446,1
DA:450,1
DA:454,1
DA:455,1
DA:456,1
DA:457,1
DA:459,1
DA:460,1
DA:461,1
DA:462,1
BRF:0
BRH:0
LF:224
LH:216
end_of_record
SF:/app/crates/orpheus-pattern/src/stream.rs
FN:36,_RNCNvMNtCs5VBH6YOQmAj_15orpheus_pattern6streamINtB4_11EventStreampE3new0B6_
FN:103,_RNCNvXININtCs5VBH6YOQmAj_15orpheus_pattern6streams_0pEINtB7_11EventStreampEINtNtB9_5cycle7PatternpE5query0B9_
FN:35,_RNvMNtCs5VBH6YOQmAj_15orpheus_pattern6streamINtB2_11EventStreampE3newB4_
FN:68,_RNvMNtCs5VBH6YOQmAj_15orpheus_pattern6streamINtB2_11EventStreampE9try_queryB4_
FN:101,_RNvXININtCs5VBH6YOQmAj_15orpheus_pattern6streams_0pEINtB5_11EventStreampEINtNtB7_5cycle7PatternpE5queryB7_
FN:36,_RNCNvMNtCs5VBH6YOQmAj_15orpheus_pattern6streamINtB4_11EventStreamNtNtCs3Wwp4yYjlin_12orpheus_lang5value11SampleEventE3new0B15_
FN:36,_RNCNvMNtCs5VBH6YOQmAj_15orpheus_pattern6streamINtB4_11EventStreamdE3new0Cs3Wwp4yYjlin_12orpheus_lang
FN:35,_RNvMNtCs5VBH6YOQmAj_15orpheus_pattern6streamINtB2_11EventStreamNtNtCs3Wwp4yYjlin_12orpheus_lang5value11SampleEventE3newB13_
FN:68,_RNvMNtCs5VBH6YOQmAj_15orpheus_pattern6streamINtB2_11EventStreamNtNtCs3Wwp4yYjlin_12orpheus_lang5value11SampleEventE9try_queryB13_
FN:35,_RNvMNtCs5VBH6YOQmAj_15orpheus_pattern6streamINtB2_11EventStreamdE3newCs3Wwp4yYjlin_12orpheus_lang
FN:68,_RNvMNtCs5VBH6YOQmAj_15orpheus_pattern6streamINtB2_11EventStreamdE9try_queryCs3Wwp4yYjlin_12orpheus_lang
FN:107,_RNvNtCs5VBH6YOQmAj_15orpheus_pattern6stream9clip_span
FN:36,_RNCNvMNtCs5VBH6YOQmAj_15orpheus_pattern6streamINtB4_11EventStreamNtNtCsisg21mIXr1_12orpheus_lang5value11SampleEventE3new0B15_
FN:36,_RNCNvMNtCs5VBH6YOQmAj_15orpheus_pattern6streamINtB4_11EventStreamdE3new0Csisg21mIXr1_12orpheus_lang
FN:35,_RNvMNtCs5VBH6YOQmAj_15orpheus_pattern6streamINtB2_11EventStreamNtNtCsisg21mIXr1_12orpheus_lang5value11SampleEventE3newB13_
FN:68,_RNvMNtCs5VBH6YOQmAj_15orpheus_pattern6streamINtB2_11EventStreamNtNtCsisg21mIXr1_12orpheus_lang5value11SampleEventE9try_queryB13_
FN:35,_RNvMNtCs5VBH6YOQmAj_15orpheus_pattern6streamINtB2_11EventStreamdE3newCsisg21mIXr1_12orpheus_lang
FN:68,_RNvMNtCs5VBH6YOQmAj_15orpheus_pattern6streamINtB2_11EventStreamdE9try_queryCsisg21mIXr1_12orpheus_lang
FN:107,_RNvNtCskropzHwivDX_15orpheus_pattern6stream9clip_span
FN:221,_RNvNtNtCskropzHwivDX_15orpheus_pattern6stream5testss_30query_unwraps_try_query_result
FN:153,_RNvNtNtCskropzHwivDX_15orpheus_pattern6stream5testss_42try_query_returns_empty_when_span_is_empty
FN:235,_RNvNtNtCskropzHwivDX_15orpheus_pattern6stream5testss_43clip_span_returns_none_when_non_overlapping
FN:124,_RNvNtNtCskropzHwivDX_15orpheus_pattern6stream5testss_44new_sorts_events_by_start_time_then_end_time
FN:250,_RNvNtNtCskropzHwivDX_15orpheus_pattern6stream5testss_47clip_span_returns_intersection_when_overlapping
FN:197,_RNvNtNtCskropzHwivDX_15orpheus_pattern6stream5testss_50try_query_clips_event_when_span_partially_overlaps
FN:167,_RNvNtNtCskropzHwivDX_15orpheus_pattern6stream5testss_50try_query_returns_empty_when_span_does_not_overlap
FN:181,_RNvNtNtCskropzHwivDX_15orpheus_pattern6stream5testss_61try_query_returns_unclipped_event_when_span_fully_contains_it
FN:36,_RNCNvMNtCskropzHwivDX_15orpheus_pattern6streamINtB4_11EventStreamReE3new0B6_
FN:36,_RNCNvMNtCskropzHwivDX_15orpheus_pattern6streamINtB4_11EventStreamlE3new0B6_
FN:103,_RNCNvXs_NtCskropzHwivDX_15orpheus_pattern6streamINtB6_11EventStreamReEINtNtB8_5cycle7PatternB13_E5query0B8_
FN:35,_RNvMNtCskropzHwivDX_15orpheus_pattern6streamINtB2_11EventStreamReE3newB4_
FN:68,_RNvMNtCskropzHwivDX_15orpheus_pattern6streamINtB2_11EventStreamReE9try_queryB4_
FN:35,_RNvMNtCskropzHwivDX_15orpheus_pattern6streamINtB2_11EventStreamlE3newB4_
FN:68,_RNvMNtCskropzHwivDX_15orpheus_pattern6streamINtB2_11EventStreamlE9try_queryB4_
FN:101,_RNvXs_NtCskropzHwivDX_15orpheus_pattern6streamINtB4_11EventStreamReEINtNtB6_5cycle7PatternB11_E5queryB6_
FN:36,_RNCNvMNtCs5VBH6YOQmAj_15orpheus_pattern6streamINtB4_11EventStreamReE3new0CsaTMqkvt4qVW_6stream
FN:103,_RNCNvXs_NtCs5VBH6YOQmAj_15orpheus_pattern6streamINtB6_11EventStreamReEINtNtB8_5cycle7PatternB13_E5query0CsaTMqkvt4qVW_6stream
FN:35,_RNvMNtCs5VBH6YOQmAj_15orpheus_pattern6streamINtB2_11EventStreamReE3newCsaTMqkvt4qVW_6stream
FN:68,_RNvMNtCs5VBH6YOQmAj_15orpheus_pattern6streamINtB2_11EventStreamReE9try_queryCsaTMqkvt4qVW_6stream
FN:101,_RNvXs_NtCs5VBH6YOQmAj_15orpheus_pattern6streamINtB4_11EventStreamReEINtNtB6_5cycle7PatternB11_E5queryCsaTMqkvt4qVW_6stream
FNDA:0,_RNCNvMNtCs5VBH6YOQmAj_15orpheus_pattern6streamINtB4_11EventStreampE3new0B6_
FNDA:0,_RNCNvXININtCs5VBH6YOQmAj_15orpheus_pattern6streams_0pEINtB7_11EventStreampEINtNtB9_5cycle7PatternpE5query0B9_
FNDA:0,_RNvMNtCs5VBH6YOQmAj_15orpheus_pattern6streamINtB2_11EventStreampE3newB4_
FNDA:0,_RNvMNtCs5VBH6YOQmAj_15orpheus_pattern6streamINtB2_11EventStreampE9try_queryB4_
FNDA:0,_RNvXININtCs5VBH6YOQmAj_15orpheus_pattern6streams_0pEINtB5_11EventStreampEINtNtB7_5cycle7PatternpE5queryB7_
FNDA:123,_RNCNvMNtCs5VBH6YOQmAj_15orpheus_pattern6streamINtB4_11EventStreamNtNtCs3Wwp4yYjlin_12orpheus_lang5value11SampleEventE3new0B15_
FNDA:0,_RNCNvMNtCs5VBH6YOQmAj_15orpheus_pattern6streamINtB4_11EventStreamdE3new0Cs3Wwp4yYjlin_12orpheus_lang
FNDA:31,_RNvMNtCs5VBH6YOQmAj_15orpheus_pattern6streamINtB2_11EventStreamNtNtCs3Wwp4yYjlin_12orpheus_lang5value11SampleEventE3newB13_
FNDA:40,_RNvMNtCs5VBH6YOQmAj_15orpheus_pattern6streamINtB2_11EventStreamNtNtCs3Wwp4yYjlin_12orpheus_lang5value11SampleEventE9try_queryB13_
FNDA:0,_RNvMNtCs5VBH6YOQmAj_15orpheus_pattern6streamINtB2_11EventStreamdE3newCs3Wwp4yYjlin_12orpheus_lang
FNDA:0,_RNvMNtCs5VBH6YOQmAj_15orpheus_pattern6streamINtB2_11EventStreamdE9try_queryCs3Wwp4yYjlin_12orpheus_lang
FNDA:226,_RNvNtCs5VBH6YOQmAj_15orpheus_pattern6stream9clip_span
FNDA:17,_RNCNvMNtCs5VBH6YOQmAj_15orpheus_pattern6streamINtB4_11EventStreamNtNtCsisg21mIXr1_12orpheus_lang5value11SampleEventE3new0B15_
FNDA:0,_RNCNvMNtCs5VBH6YOQmAj_15orpheus_pattern6streamINtB4_11EventStreamdE3new0Csisg21mIXr1_12orpheus_lang
FNDA:16,_RNvMNtCs5VBH6YOQmAj_15orpheus_pattern6streamINtB2_11EventStreamNtNtCsisg21mIXr1_12orpheus_lang5value11SampleEventE3newB13_
FNDA:19,_RNvMNtCs5VBH6YOQmAj_15orpheus_pattern6streamINtB2_11EventStreamNtNtCsisg21mIXr1_12orpheus_lang5value11SampleEventE9try_queryB13_
FNDA:0,_RNvMNtCs5VBH6YOQmAj_15orpheus_pattern6streamINtB2_11EventStreamdE3newCsisg21mIXr1_12orpheus_lang
FNDA:0,_RNvMNtCs5VBH6YOQmAj_15orpheus_pattern6streamINtB2_11EventStreamdE9try_queryCsisg21mIXr1_12orpheus_lang
FNDA:7,_RNvNtCskropzHwivDX_15orpheus_pattern6stream9clip_span
FNDA:1,_RNvNtNtCskropzHwivDX_15orpheus_pattern6stream5testss_30query_unwraps_try_query_result
FNDA:1,_RNvNtNtCskropzHwivDX_15orpheus_pattern6stream5testss_42try_query_returns_empty_when_span_is_empty
FNDA:1,_RNvNtNtCskropzHwivDX_15orpheus_pattern6stream5testss_43clip_span_returns_none_when_non_overlapping
FNDA:1,_RNvNtNtCskropzHwivDX_15orpheus_pattern6stream5testss_44new_sorts_events_by_start_time_then_end_time
FNDA:1,_RNvNtNtCskropzHwivDX_15orpheus_pattern6stream5testss_47clip_span_returns_intersection_when_overlapping
FNDA:1,_RNvNtNtCskropzHwivDX_15orpheus_pattern6stream5testss_50try_query_clips_event_when_span_partially_overlaps
FNDA:1,_RNvNtNtCskropzHwivDX_15orpheus_pattern6stream5testss_50try_query_returns_empty_when_span_does_not_overlap
FNDA:1,_RNvNtNtCskropzHwivDX_15orpheus_pattern6stream5testss_61try_query_returns_unclipped_event_when_span_fully_contains_it
FNDA:0,_RNCNvMNtCskropzHwivDX_15orpheus_pattern6streamINtB4_11EventStreamReE3new0B6_
FNDA:3,_RNCNvMNtCskropzHwivDX_15orpheus_pattern6streamINtB4_11EventStreamlE3new0B6_
FNDA:0,_RNCNvXs_NtCskropzHwivDX_15orpheus_pattern6streamINtB6_11EventStreamReEINtNtB8_5cycle7PatternB13_E5query0B8_
FNDA:1,_RNvMNtCskropzHwivDX_15orpheus_pattern6streamINtB2_11EventStreamReE3newB4_
FNDA:1,_RNvMNtCskropzHwivDX_15orpheus_pattern6streamINtB2_11EventStreamReE9try_queryB4_
FNDA:5,_RNvMNtCskropzHwivDX_15orpheus_pattern6streamINtB2_11EventStreamlE3newB4_
FNDA:4,_RNvMNtCskropzHwivDX_15orpheus_pattern6streamINtB2_11EventStreamlE9try_queryB4_
FNDA:1,_RNvXs_NtCskropzHwivDX_15orpheus_pattern6streamINtB4_11EventStreamReEINtNtB6_5cycle7PatternB11_E5queryB6_
FNDA:2,_RNCNvMNtCs5VBH6YOQmAj_15orpheus_pattern6streamINtB4_11EventStreamReE3new0CsaTMqkvt4qVW_6stream
FNDA:0,_RNCNvXs_NtCs5VBH6YOQmAj_15orpheus_pattern6streamINtB6_11EventStreamReEINtNtB8_5cycle7PatternB13_E5query0CsaTMqkvt4qVW_6stream
FNDA:9,_RNvMNtCs5VBH6YOQmAj_15orpheus_pattern6streamINtB2_11EventStreamReE3newCsaTMqkvt4qVW_6stream
FNDA:9,_RNvMNtCs5VBH6YOQmAj_15orpheus_pattern6streamINtB2_11EventStreamReE9try_queryCsaTMqkvt4qVW_6stream
FNDA:5,_RNvXs_NtCs5VBH6YOQmAj_15orpheus_pattern6streamINtB4_11EventStreamReEINtNtB6_5cycle7PatternB11_E5queryCsaTMqkvt4qVW_6stream
FNF:14
FNH:13
DA:35,62
DA:36,145
DA:37,145
DA:38,145
DA:39,145
DA:40,145
DA:41,145
DA:42,62
DA:43,62
DA:68,73
DA:69,73
DA:70,73
DA:72,73
DA:73,4
DA:74,69
DA:77,69
DA:78,230
DA:79,230
DA:80,230
DA:81,157
DA:82,157
DA:83,115
DA:85,42
DA:87,157
DA:88,157
DA:90,73
DA:93,69
DA:94,73
DA:101,6
DA:102,6
DA:103,6
DA:104,6
DA:107,233
DA:108,233
DA:109,233
DA:111,233
DA:112,75
DA:113,158
DA:115,158
DA:116,233
DA:124,1
DA:125,1
DA:126,1
DA:127,1
DA:128,1
DA:129,1
DA:130,1
DA:131,1
DA:132,1
DA:133,1
DA:134,1
DA:135,1
DA:136,1
DA:137,1
DA:138,1
DA:139,1
DA:140,1
DA:141,1
DA:145,1
DA:147,1
DA:148,1
DA:149,1
DA:150,1
DA:153,1
DA:154,1
DA:155,1
DA:156,1
DA:157,1
DA:158,1
DA:159,1
DA:161,1
DA:162,1
DA:163,1
DA:164,1
DA:167,1
DA:168,1
DA:169,1
DA:170,1
DA:171,1
DA:172,1
DA:173,1
DA:175,1
DA:176,1
DA:177,1
DA:178,1
DA:181,1
DA:182,1
DA:183,1
DA:184,1
DA:185,1
DA:186,1
DA:187,1
DA:188,1
DA:190,1
DA:191,1
DA:192,1
DA:193,1
DA:194,1
DA:197,1
DA:198,1
DA:199,1
DA:200,1
DA:201,1
DA:202,1
DA:203,1
DA:204,1
DA:205,1
DA:208,1
DA:209,1
DA:211,1
DA:212,1
DA:213,1
DA:215,1
DA:216,1
DA:217,1
DA:218,1
DA:221,1
DA:222,1
DA:223,1
DA:224,1
DA:225,1
DA:226,1
DA:227,1
DA:229,1
DA:230,1
DA:231,1
DA:232,1
DA:235,1
DA:236,1
DA:237,1
DA:239,1
DA:240,1
DA:243,1
DA:244,1
DA:245,1
DA:246,1
DA:247,1
DA:250,1
DA:251,1
DA:252,1
DA:254,1
DA:255,1
DA:256,1
DA:257,1
DA:258,1
BRF:0
BRH:0
LF:147
LH:146
end_of_record
SF:/app/crates/orpheus-pattern/src/time.rs
FN:125,_RNvMNtCs5VBH6YOQmAj_15orpheus_pattern4timeNtB2_8TimeSpan11start_numer
FN:89,_RNvMNtCs5VBH6YOQmAj_15orpheus_pattern4timeNtB2_8TimeSpan3end
FN:36,_RNvMNtCs5VBH6YOQmAj_15orpheus_pattern4timeNtB2_8TimeSpan3new
FN:56,_RNvMNtCs5VBH6YOQmAj_15orpheus_pattern4timeNtB2_8TimeSpan4unit
FN:74,_RNvMNtCs5VBH6YOQmAj_15orpheus_pattern4timeNtB2_8TimeSpan5start
FN:108,_RNvMNtCs5VBH6YOQmAj_15orpheus_pattern4timeNtB2_8TimeSpan8is_empty
FN:131,_RNvXs_NtCs5VBH6YOQmAj_15orpheus_pattern4timeNtB4_8TimeSpanNtNtCs4kUJL3MZFFz_4core7default7Default7default
FN:89,_RNvMNtCskropzHwivDX_15orpheus_pattern4timeNtB2_8TimeSpan3end
FN:36,_RNvMNtCskropzHwivDX_15orpheus_pattern4timeNtB2_8TimeSpan3new
FN:56,_RNvMNtCskropzHwivDX_15orpheus_pattern4timeNtB2_8TimeSpan4unit
FN:74,_RNvMNtCskropzHwivDX_15orpheus_pattern4timeNtB2_8TimeSpan5start
FN:108,_RNvMNtCskropzHwivDX_15orpheus_pattern4timeNtB2_8TimeSpan8is_empty
FN:125,_RNvMNtCskropzHwivDX_15orpheus_pattern4timeNtB2_8TimeSpan11start_numer
FN:131,_RNvXs_NtCskropzHwivDX_15orpheus_pattern4timeNtB4_8TimeSpanNtNtCs4kUJL3MZFFz_4core7default7Default7default
FNDA:2,_RNvMNtCs5VBH6YOQmAj_15orpheus_pattern4timeNtB2_8TimeSpan11start_numer
FNDA:51160,_RNvMNtCs5VBH6YOQmAj_15orpheus_pattern4timeNtB2_8TimeSpan3end
FNDA:25536,_RNvMNtCs5VBH6YOQmAj_15orpheus_pattern4timeNtB2_8TimeSpan3new
FNDA:3452,_RNvMNtCs5VBH6YOQmAj_15orpheus_pattern4timeNtB2_8TimeSpan4unit
FNDA:51645,_RNvMNtCs5VBH6YOQmAj_15orpheus_pattern4timeNtB2_8TimeSpan5start
FNDA:1697,_RNvMNtCs5VBH6YOQmAj_15orpheus_pattern4timeNtB2_8TimeSpan8is_empty
FNDA:1,_RNvXs_NtCs5VBH6YOQmAj_15orpheus_pattern4timeNtB4_8TimeSpanNtNtCs4kUJL3MZFFz_4core7default7Default7default
FNDA:58,_RNvMNtCskropzHwivDX_15orpheus_pattern4timeNtB2_8TimeSpan3end
FNDA:40,_RNvMNtCskropzHwivDX_15orpheus_pattern4timeNtB2_8TimeSpan3new
FNDA:16,_RNvMNtCskropzHwivDX_15orpheus_pattern4timeNtB2_8TimeSpan4unit
FNDA:58,_RNvMNtCskropzHwivDX_15orpheus_pattern4timeNtB2_8TimeSpan5start
FNDA:11,_RNvMNtCskropzHwivDX_15orpheus_pattern4timeNtB2_8TimeSpan8is_empty
FNDA:0,_RNvMNtCskropzHwivDX_15orpheus_pattern4timeNtB2_8TimeSpan11start_numer
FNDA:0,_RNvXs_NtCskropzHwivDX_15orpheus_pattern4timeNtB4_8TimeSpanNtNtCs4kUJL3MZFFz_4core7default7Default7default
FNF:7
FNH:7
DA:36,25576
DA:37,25576
DA:38,2
DA:39,25574
DA:41,25574
DA:42,25576
DA:56,3468
DA:57,3468
DA:58,3468
DA:59,3468
DA:60,3468
DA:61,3468
DA:74,51703
DA:75,51703
DA:76,51703
DA:89,51218
DA:90,51218
DA:91,51218
DA:108,1708
DA:109,1708
DA:110,1708
DA:125,2
DA:126,2
DA:127,2
DA:131,1
DA:132,1
DA:133,1
BRF:0
BRH:0
LF:27
LH:27
end_of_record
SF:/app/src/main.rs
FN:42,_RINvCsduyNZRA4l5b_7orpheus22startup_path_from_argsINtNtNtNtCs4kUJL3MZFFz_4core4iter8adapters4skip4SkipNtNtCsaa59N1qzrfe_3std3env6ArgsOsEEB2_
FN:96,_RNCNCNvCsduyNZRA4l5b_7orpheus16start_live_audios_00B5_
FN:90,_RNCNvCsduyNZRA4l5b_7orpheus16start_live_audio0B3_
FN:98,_RNCNvCsduyNZRA4l5b_7orpheus16start_live_audios0_0B3_
FN:101,_RNCNvCsduyNZRA4l5b_7orpheus16start_live_audios1_0B3_
FN:105,_RNCNvCsduyNZRA4l5b_7orpheus16start_live_audios2_0B3_
FN:110,_RNCNvCsduyNZRA4l5b_7orpheus16start_live_audios3_0B3_
FN:92,_RNCNvCsduyNZRA4l5b_7orpheus16start_live_audios_0B3_
FN:69,_RNvCsduyNZRA4l5b_7orpheus10print_help
FN:82,_RNvCsduyNZRA4l5b_7orpheus16start_live_audio
FN:19,_RNvCsduyNZRA4l5b_7orpheus3run
FN:12,_RNvCsduyNZRA4l5b_7orpheus4main
FN:42,_RINvCs45Bvz3yqQjE_7orpheus22startup_path_from_argspEB2_
FN:96,_RNCNCNvCs45Bvz3yqQjE_7orpheus16start_live_audios_00B5_
FN:90,_RNCNvCs45Bvz3yqQjE_7orpheus16start_live_audio0B3_
FN:98,_RNCNvCs45Bvz3yqQjE_7orpheus16start_live_audios0_0B3_
FN:101,_RNCNvCs45Bvz3yqQjE_7orpheus16start_live_audios1_0B3_
FN:105,_RNCNvCs45Bvz3yqQjE_7orpheus16start_live_audios2_0B3_
FN:110,_RNCNvCs45Bvz3yqQjE_7orpheus16start_live_audios3_0B3_
FN:92,_RNCNvCs45Bvz3yqQjE_7orpheus16start_live_audios_0B3_
FN:69,_RNvCs45Bvz3yqQjE_7orpheus10print_help
FN:82,_RNvCs45Bvz3yqQjE_7orpheus16start_live_audio
FN:19,_RNvCs45Bvz3yqQjE_7orpheus3run
FN:12,_RNvCs45Bvz3yqQjE_7orpheus4main
FNDA:11,_RINvCsduyNZRA4l5b_7orpheus22startup_path_from_argsINtNtNtNtCs4kUJL3MZFFz_4core4iter8adapters4skip4SkipNtNtCsaa59N1qzrfe_3std3env6ArgsOsEEB2_
FNDA:0,_RNCNCNvCsduyNZRA4l5b_7orpheus16start_live_audios_00B5_
FNDA:0,_RNCNvCsduyNZRA4l5b_7orpheus16start_live_audio0B3_
FNDA:0,_RNCNvCsduyNZRA4l5b_7orpheus16start_live_audios0_0B3_
FNDA:0,_RNCNvCsduyNZRA4l5b_7orpheus16start_live_audios1_0B3_
FNDA:0,_RNCNvCsduyNZRA4l5b_7orpheus16start_live_audios2_0B3_
FNDA:0,_RNCNvCsduyNZRA4l5b_7orpheus16start_live_audios3_0B3_
FNDA:0,_RNCNvCsduyNZRA4l5b_7orpheus16start_live_audios_0B3_
FNDA:0,_RNvCsduyNZRA4l5b_7orpheus10print_help
FNDA:11,_RNvCsduyNZRA4l5b_7orpheus16start_live_audio
FNDA:11,_RNvCsduyNZRA4l5b_7orpheus3run
FNDA:11,_RNvCsduyNZRA4l5b_7orpheus4main
FNDA:0,_RINvCs45Bvz3yqQjE_7orpheus22startup_path_from_argspEB2_
FNDA:0,_RNCNCNvCs45Bvz3yqQjE_7orpheus16start_live_audios_00B5_
FNDA:0,_RNCNvCs45Bvz3yqQjE_7orpheus16start_live_audio0B3_
FNDA:0,_RNCNvCs45Bvz3yqQjE_7orpheus16start_live_audios0_0B3_
FNDA:0,_RNCNvCs45Bvz3yqQjE_7orpheus16start_live_audios1_0B3_
FNDA:0,_RNCNvCs45Bvz3yqQjE_7orpheus16start_live_audios2_0B3_
FNDA:0,_RNCNvCs45Bvz3yqQjE_7orpheus16start_live_audios3_0B3_
FNDA:0,_RNCNvCs45Bvz3yqQjE_7orpheus16start_live_audios_0B3_
FNDA:0,_RNvCs45Bvz3yqQjE_7orpheus10print_help
FNDA:0,_RNvCs45Bvz3yqQjE_7orpheus16start_live_audio
FNDA:0,_RNvCs45Bvz3yqQjE_7orpheus3run
FNDA:0,_RNvCs45Bvz3yqQjE_7orpheus4main
FNF:12
FNH:4
DA:12,11
DA:13,11
DA:14,0
DA:15,0
DA:16,11
DA:17,11
DA:19,11
DA:20,11
DA:21,11
DA:22,0
DA:23,11
DA:24,11
DA:25,11
DA:26,11
DA:27,11
DA:30,11
DA:31,0
DA:33,11
DA:34,11
DA:35,11
DA:36,11
DA:37,0
DA:39,11
DA:40,11
DA:42,11
DA:43,11
DA:44,11
DA:45,11
DA:46,11
DA:47,11
DA:48,2
DA:49,2
DA:50,2
DA:51,0
DA:52,0
DA:53,2
DA:54,2
DA:55,0
DA:56,0
DA:57,2
DA:58,2
DA:59,0
DA:60,0
DA:61,0
DA:62,2
DA:63,2
DA:65,0
DA:67,11
DA:69,0
DA:70,0
DA:71,0
DA:72,0
DA:73,0
DA:74,0
DA:75,0
DA:76,0
DA:77,0
DA:78,0
DA:79,0
DA:80,0
DA:82,11
DA:83,11
DA:84,11
DA:85,11
DA:86,11
DA:87,11
DA:88,11
DA:89,11
DA:90,0
DA:91,0
DA:92,0
DA:93,0
DA:94,0
DA:95,0
DA:96,0
DA:97,0
DA:98,0
DA:99,0
DA:100,0
DA:101,0
DA:102,0
DA:103,0
DA:104,0
DA:105,0
DA:106,0
DA:107,0
DA:108,0
DA:109,0
DA:110,0
DA:111,0
DA:113,0
DA:114,0
DA:115,0
DA:116,0
DA:118,0
DA:119,11
BRF:0
BRH:0
LF:101
LH:44
end_of_record